{"C:\\Users\\trinle\\git\\ha\\nextjs-app\\app\\layout.tsx": {"path":"C:\\Users\\trinle\\git\\ha\\nextjs-app\\app\\layout.tsx","statementMap":{"0":{"start":{"line":9,"column":24},"end":{"line":9,"column":35}},"1":{"start":{"line":4,"column":13},"end":{"line":4,"column":21}},"2":{"start":{"line":2,"column":7},"end":{"line":2,"column":null}},"3":{"start":{"line":4,"column":34},"end":{"line":7,"column":null}}},"fnMap":{"0":{"name":"RootLayout","decl":{"start":{"line":9,"column":24},"end":{"line":9,"column":35}},"loc":{"start":{"line":9,"column":78},"end":{"line":15,"column":1}}}},"branchMap":{},"s":{"0":0,"1":0,"2":0,"3":0},"f":{"0":0},"b":{}}
,"C:\\Users\\trinle\\git\\ha\\nextjs-app\\app\\page.tsx": {"path":"C:\\Users\\trinle\\git\\ha\\nextjs-app\\app\\page.tsx","statementMap":{"0":{"start":{"line":16,"column":24},"end":{"line":16,"column":null}},"1":{"start":{"line":3,"column":36},"end":{"line":3,"column":null}},"2":{"start":{"line":4,"column":20},"end":{"line":4,"column":null}},"3":{"start":{"line":5,"column":22},"end":{"line":5,"column":null}},"4":{"start":{"line":6,"column":22},"end":{"line":6,"column":null}},"5":{"start":{"line":7,"column":22},"end":{"line":7,"column":null}},"6":{"start":{"line":17,"column":36},"end":{"line":17,"column":null}},"7":{"start":{"line":18,"column":32},"end":{"line":18,"column":null}},"8":{"start":{"line":19,"column":32},"end":{"line":19,"column":null}},"9":{"start":{"line":20,"column":32},"end":{"line":20,"column":null}},"10":{"start":{"line":21,"column":26},"end":{"line":21,"column":null}},"11":{"start":{"line":22,"column":42},"end":{"line":22,"column":null}},"12":{"start":{"line":24,"column":2},"end":{"line":26,"column":null}},"13":{"start":{"line":25,"column":4},"end":{"line":25,"column":null}},"14":{"start":{"line":28,"column":2},"end":{"line":32,"column":null}},"15":{"start":{"line":29,"column":4},"end":{"line":31,"column":null}},"16":{"start":{"line":30,"column":6},"end":{"line":30,"column":null}},"17":{"start":{"line":35,"column":4},"end":{"line":46,"column":null}},"18":{"start":{"line":36,"column":23},"end":{"line":36,"column":null}},"19":{"start":{"line":37,"column":19},"end":{"line":37,"column":null}},"20":{"start":{"line":39,"column":6},"end":{"line":41,"column":null}},"21":{"start":{"line":40,"column":8},"end":{"line":40,"column":null}},"22":{"start":{"line":43,"column":6},"end":{"line":43,"column":null}},"23":{"start":{"line":45,"column":6},"end":{"line":45,"column":null}},"24":{"start":{"line":50,"column":4},"end":{"line":66,"column":null}},"25":{"start":{"line":51,"column":6},"end":{"line":51,"column":null}},"26":{"start":{"line":52,"column":46},"end":{"line":52,"column":null}},"27":{"start":{"line":54,"column":29},"end":{"line":54,"column":null}},"28":{"start":{"line":55,"column":24},"end":{"line":55,"column":null}},"29":{"start":{"line":57,"column":6},"end":{"line":57,"column":null}},"30":{"start":{"line":58,"column":6},"end":{"line":58,"column":null}},"31":{"start":{"line":60,"column":6},"end":{"line":60,"column":null}},"32":{"start":{"line":61,"column":6},"end":{"line":61,"column":null}},"33":{"start":{"line":63,"column":6},"end":{"line":63,"column":null}},"34":{"start":{"line":65,"column":6},"end":{"line":65,"column":null}},"35":{"start":{"line":70,"column":4},"end":{"line":77,"column":null}},"36":{"start":{"line":71,"column":6},"end":{"line":71,"column":null}},"37":{"start":{"line":72,"column":6},"end":{"line":72,"column":null}},"38":{"start":{"line":73,"column":6},"end":{"line":73,"column":null}},"39":{"start":{"line":74,"column":6},"end":{"line":74,"column":null}},"40":{"start":{"line":76,"column":6},"end":{"line":76,"column":null}},"41":{"start":{"line":80,"column":28},"end":{"line":82,"column":null}},"42":{"start":{"line":81,"column":4},"end":{"line":81,"column":null}},"43":{"start":{"line":85,"column":2},"end":{"line":91,"column":null}},"44":{"start":{"line":93,"column":2},"end":{"line":95,"column":null}},"45":{"start":{"line":113,"column":91},"end":{"line":113,"column":115}},"46":{"start":{"line":116,"column":89},"end":{"line":116,"column":111}},"47":{"start":{"line":119,"column":91},"end":{"line":119,"column":115}}},"fnMap":{"0":{"name":"Home","decl":{"start":{"line":16,"column":24},"end":{"line":16,"column":null}},"loc":{"start":{"line":16,"column":24},"end":{"line":169,"column":null}}},"1":{"name":"(anonymous_3)","decl":{"start":{"line":24,"column":12},"end":{"line":24,"column":null}},"loc":{"start":{"line":24,"column":12},"end":{"line":26,"column":5}}},"2":{"name":"(anonymous_4)","decl":{"start":{"line":28,"column":12},"end":{"line":28,"column":null}},"loc":{"start":{"line":28,"column":12},"end":{"line":32,"column":5}}},"3":{"name":"checkAuth","decl":{"start":{"line":34,"column":17},"end":{"line":34,"column":null}},"loc":{"start":{"line":34,"column":17},"end":{"line":47,"column":null}}},"4":{"name":"loadData","decl":{"start":{"line":49,"column":17},"end":{"line":49,"column":null}},"loc":{"start":{"line":49,"column":17},"end":{"line":67,"column":null}}},"5":{"name":"handleLogout","decl":{"start":{"line":69,"column":17},"end":{"line":69,"column":null}},"loc":{"start":{"line":69,"column":17},"end":{"line":78,"column":null}}},"6":{"name":"(anonymous_8)","decl":{"start":{"line":80,"column":28},"end":{"line":80,"column":null}},"loc":{"start":{"line":80,"column":28},"end":{"line":82,"column":null}}},"7":{"name":"(anonymous_9)","decl":{"start":{"line":113,"column":85},"end":{"line":113,"column":91}},"loc":{"start":{"line":113,"column":91},"end":{"line":113,"column":115}}},"8":{"name":"(anonymous_10)","decl":{"start":{"line":116,"column":83},"end":{"line":116,"column":89}},"loc":{"start":{"line":116,"column":89},"end":{"line":116,"column":111}}},"9":{"name":"(anonymous_11)","decl":{"start":{"line":119,"column":85},"end":{"line":119,"column":91}},"loc":{"start":{"line":119,"column":91},"end":{"line":119,"column":115}}}},"branchMap":{"0":{"loc":{"start":{"line":29,"column":4},"end":{"line":31,"column":null}},"type":"if","locations":[{"start":{"line":29,"column":4},"end":{"line":31,"column":null}}]},"1":{"loc":{"start":{"line":39,"column":6},"end":{"line":41,"column":null}},"type":"if","locations":[{"start":{"line":39,"column":6},"end":{"line":41,"column":null}}]},"2":{"loc":{"start":{"line":60,"column":17},"end":{"line":60,"column":42}},"type":"binary-expr","locations":[{"start":{"line":60,"column":17},"end":{"line":60,"column":36}},{"start":{"line":60,"column":40},"end":{"line":60,"column":42}}]},"3":{"loc":{"start":{"line":61,"column":17},"end":{"line":61,"column":58}},"type":"cond-expr","locations":[{"start":{"line":61,"column":44},"end":{"line":61,"column":56}},{"start":{"line":61,"column":56},"end":{"line":61,"column":58}}]},"4":{"loc":{"start":{"line":85,"column":2},"end":{"line":91,"column":null}},"type":"if","locations":[{"start":{"line":85,"column":2},"end":{"line":91,"column":null}}]},"5":{"loc":{"start":{"line":93,"column":2},"end":{"line":95,"column":null}},"type":"if","locations":[{"start":{"line":93,"column":2},"end":{"line":95,"column":null}}]},"6":{"loc":{"start":{"line":104,"column":32},"end":{"line":104,"column":null}},"type":"binary-expr","locations":[{"start":{"line":104,"column":32},"end":{"line":104,"column":44}},{"start":{"line":104,"column":48},"end":{"line":104,"column":null}}]},"7":{"loc":{"start":{"line":113,"column":34},"end":{"line":113,"column":73}},"type":"cond-expr","locations":[{"start":{"line":113,"column":59},"end":{"line":113,"column":70}},{"start":{"line":113,"column":70},"end":{"line":113,"column":73}}]},"8":{"loc":{"start":{"line":116,"column":34},"end":{"line":116,"column":71}},"type":"cond-expr","locations":[{"start":{"line":116,"column":57},"end":{"line":116,"column":68}},{"start":{"line":116,"column":68},"end":{"line":116,"column":71}}]},"9":{"loc":{"start":{"line":119,"column":34},"end":{"line":119,"column":73}},"type":"cond-expr","locations":[{"start":{"line":119,"column":59},"end":{"line":119,"column":70}},{"start":{"line":119,"column":70},"end":{"line":119,"column":73}}]},"10":{"loc":{"start":{"line":125,"column":8},"end":{"line":127,"column":null}},"type":"cond-expr","locations":[{"start":{"line":125,"column":8},"end":{"line":127,"column":null}}]},"11":{"loc":{"start":{"line":128,"column":11},"end":{"line":128,"column":37}},"type":"binary-expr","locations":[{"start":{"line":128,"column":11},"end":{"line":128,"column":37}}]},"12":{"loc":{"start":{"line":129,"column":11},"end":{"line":129,"column":35}},"type":"binary-expr","locations":[{"start":{"line":129,"column":11},"end":{"line":129,"column":35}}]},"13":{"loc":{"start":{"line":130,"column":11},"end":{"line":130,"column":null}},"type":"binary-expr","locations":[{"start":{"line":130,"column":11},"end":{"line":130,"column":37}},{"start":{"line":130,"column":37},"end":{"line":130,"column":null}}]}},"s":{"0":0,"1":0,"2":0,"3":0,"4":0,"5":0,"6":0,"7":0,"8":0,"9":0,"10":0,"11":0,"12":0,"13":0,"14":0,"15":0,"16":0,"17":0,"18":0,"19":0,"20":0,"21":0,"22":0,"23":0,"24":0,"25":0,"26":0,"27":0,"28":0,"29":0,"30":0,"31":0,"32":0,"33":0,"34":0,"35":0,"36":0,"37":0,"38":0,"39":0,"40":0,"41":0,"42":0,"43":0,"44":0,"45":0,"46":0,"47":0},"f":{"0":0,"1":0,"2":0,"3":0,"4":0,"5":0,"6":0,"7":0,"8":0,"9":0},"b":{"0":[0],"1":[0],"2":[0,0],"3":[0,0],"4":[0],"5":[0],"6":[0,0],"7":[0,0],"8":[0,0],"9":[0,0],"10":[0],"11":[0],"12":[0],"13":[0,0]}}
,"C:\\Users\\trinle\\git\\ha\\nextjs-app\\app\\admin\\layout.tsx": {"path":"C:\\Users\\trinle\\git\\ha\\nextjs-app\\app\\admin\\layout.tsx","statementMap":{"0":{"start":{"line":15,"column":24},"end":{"line":15,"column":36}},"1":{"start":{"line":3,"column":17},"end":{"line":3,"column":null}},"2":{"start":{"line":4,"column":28},"end":{"line":4,"column":null}},"3":{"start":{"line":5,"column":36},"end":{"line":5,"column":null}},"4":{"start":{"line":16,"column":19},"end":{"line":16,"column":null}},"5":{"start":{"line":17,"column":26},"end":{"line":17,"column":null}},"6":{"start":{"line":18,"column":40},"end":{"line":18,"column":null}},"7":{"start":{"line":20,"column":2},"end":{"line":25,"column":null}},"8":{"start":{"line":21,"column":4},"end":{"line":24,"column":null}},"9":{"start":{"line":22,"column":19},"end":{"line":22,"column":null}},"10":{"start":{"line":23,"column":19},"end":{"line":23,"column":null}},"11":{"start":{"line":27,"column":21},"end":{"line":70,"column":null}},"12":{"start":{"line":91,"column":35},"end":{"line":91,"column":58}},"13":{"start":{"line":101,"column":31},"end":{"line":101,"column":53}},"14":{"start":{"line":102,"column":14},"end":{"line":104,"column":null}},"15":{"start":{"line":150,"column":95},"end":{"line":150,"column":null}},"16":{"start":{"line":158,"column":35},"end":{"line":158,"column":57}}},"fnMap":{"0":{"name":"AdminLayout","decl":{"start":{"line":15,"column":24},"end":{"line":15,"column":36}},"loc":{"start":{"line":15,"column":79},"end":{"line":179,"column":null}}},"1":{"name":"(anonymous_3)","decl":{"start":{"line":20,"column":12},"end":{"line":20,"column":null}},"loc":{"start":{"line":20,"column":12},"end":{"line":25,"column":5}}},"2":{"name":"(anonymous_4)","decl":{"start":{"line":22,"column":12},"end":{"line":22,"column":13}},"loc":{"start":{"line":22,"column":19},"end":{"line":22,"column":null}}},"3":{"name":"(anonymous_5)","decl":{"start":{"line":23,"column":12},"end":{"line":23,"column":13}},"loc":{"start":{"line":23,"column":19},"end":{"line":23,"column":null}}},"4":{"name":"(anonymous_6)","decl":{"start":{"line":91,"column":29},"end":{"line":91,"column":35}},"loc":{"start":{"line":91,"column":35},"end":{"line":91,"column":58}}},"5":{"name":"(anonymous_7)","decl":{"start":{"line":100,"column":28},"end":{"line":100,"column":29}},"loc":{"start":{"line":100,"column":29},"end":{"line":114,"column":null}}},"6":{"name":"(anonymous_8)","decl":{"start":{"line":150,"column":89},"end":{"line":150,"column":95}},"loc":{"start":{"line":150,"column":95},"end":{"line":150,"column":null}}},"7":{"name":"(anonymous_9)","decl":{"start":{"line":158,"column":29},"end":{"line":158,"column":35}},"loc":{"start":{"line":158,"column":35},"end":{"line":158,"column":57}}}},"branchMap":{"0":{"loc":{"start":{"line":23,"column":27},"end":{"line":23,"column":null}},"type":"binary-expr","locations":[{"start":{"line":23,"column":27},"end":{"line":23,"column":33}},{"start":{"line":23,"column":37},"end":{"line":23,"column":null}}]},"1":{"loc":{"start":{"line":77,"column":10},"end":{"line":77,"column":null}},"type":"cond-expr","locations":[{"start":{"line":77,"column":24},"end":{"line":77,"column":42}},{"start":{"line":77,"column":42},"end":{"line":77,"column":null}}]},"2":{"loc":{"start":{"line":107,"column":20},"end":{"line":107,"column":null}},"type":"cond-expr","locations":[{"start":{"line":107,"column":31},"end":{"line":107,"column":58}},{"start":{"line":107,"column":58},"end":{"line":107,"column":null}}]},"3":{"loc":{"start":{"line":122,"column":19},"end":{"line":122,"column":null}},"type":"binary-expr","locations":[{"start":{"line":122,"column":19},"end":{"line":122,"column":62}},{"start":{"line":122,"column":62},"end":{"line":122,"column":null}}]},"4":{"loc":{"start":{"line":126,"column":72},"end":{"line":126,"column":null}},"type":"binary-expr","locations":[{"start":{"line":126,"column":72},"end":{"line":126,"column":90}},{"start":{"line":126,"column":90},"end":{"line":126,"column":null}}]},"5":{"loc":{"start":{"line":127,"column":63},"end":{"line":127,"column":null}},"type":"binary-expr","locations":[{"start":{"line":127,"column":63},"end":{"line":127,"column":78}},{"start":{"line":127,"column":78},"end":{"line":127,"column":null}}]},"6":{"loc":{"start":{"line":149,"column":7},"end":{"line":149,"column":null}},"type":"binary-expr","locations":[{"start":{"line":149,"column":7},"end":{"line":149,"column":null}}]},"7":{"loc":{"start":{"line":168,"column":58},"end":{"line":168,"column":null}},"type":"binary-expr","locations":[{"start":{"line":168,"column":58},"end":{"line":168,"column":76}},{"start":{"line":168,"column":76},"end":{"line":168,"column":null}}]}},"s":{"0":0,"1":0,"2":0,"3":0,"4":0,"5":0,"6":0,"7":0,"8":0,"9":0,"10":0,"11":0,"12":0,"13":0,"14":0,"15":0,"16":0},"f":{"0":0,"1":0,"2":0,"3":0,"4":0,"5":0,"6":0,"7":0},"b":{"0":[0,0],"1":[0,0],"2":[0,0],"3":[0,0],"4":[0,0],"5":[0,0],"6":[0],"7":[0,0]}}
,"C:\\Users\\trinle\\git\\ha\\nextjs-app\\app\\admin\\page.tsx": {"path":"C:\\Users\\trinle\\git\\ha\\nextjs-app\\app\\admin\\page.tsx","statementMap":{"0":{"start":{"line":26,"column":24},"end":{"line":26,"column":null}},"1":{"start":{"line":3,"column":17},"end":{"line":3,"column":null}},"2":{"start":{"line":4,"column":45},"end":{"line":4,"column":null}},"3":{"start":{"line":27,"column":26},"end":{"line":27,"column":null}},"4":{"start":{"line":28,"column":32},"end":{"line":28,"column":null}},"5":{"start":{"line":29,"column":32},"end":{"line":29,"column":null}},"6":{"start":{"line":30,"column":28},"end":{"line":30,"column":null}},"7":{"start":{"line":32,"column":2},"end":{"line":49,"column":null}},"8":{"start":{"line":34,"column":6},"end":{"line":46,"column":null}},"9":{"start":{"line":35,"column":18},"end":{"line":35,"column":null}},"10":{"start":{"line":35,"column":63},"end":{"line":35,"column":null}},"11":{"start":{"line":36,"column":8},"end":{"line":36,"column":null}},"12":{"start":{"line":37,"column":8},"end":{"line":40,"column":null}},"13":{"start":{"line":38,"column":20},"end":{"line":38,"column":null}},"14":{"start":{"line":38,"column":66},"end":{"line":38,"column":null}},"15":{"start":{"line":39,"column":10},"end":{"line":39,"column":null}},"16":{"start":{"line":42,"column":8},"end":{"line":42,"column":null}},"17":{"start":{"line":43,"column":8},"end":{"line":43,"column":null}},"18":{"start":{"line":45,"column":8},"end":{"line":45,"column":null}},"19":{"start":{"line":48,"column":4},"end":{"line":48,"column":null}},"20":{"start":{"line":51,"column":19},"end":{"line":51,"column":null}},"21":{"start":{"line":51,"column":33},"end":{"line":51,"column":64}},"22":{"start":{"line":53,"column":2},"end":{"line":61,"column":null}},"23":{"start":{"line":63,"column":2},"end":{"line":71,"column":null}},"24":{"start":{"line":73,"column":2},"end":{"line":81,"column":null}},"25":{"start":{"line":248,"column":18},"end":{"line":249,"column":null}},"26":{"start":{"line":285,"column":18},"end":{"line":286,"column":null}}},"fnMap":{"0":{"name":"AdminDashboardPage","decl":{"start":{"line":26,"column":24},"end":{"line":26,"column":null}},"loc":{"start":{"line":26,"column":24},"end":{"line":324,"column":null}}},"1":{"name":"(anonymous_3)","decl":{"start":{"line":32,"column":12},"end":{"line":32,"column":null}},"loc":{"start":{"line":32,"column":12},"end":{"line":49,"column":5}}},"2":{"name":"init","decl":{"start":{"line":33,"column":19},"end":{"line":33,"column":null}},"loc":{"start":{"line":33,"column":19},"end":{"line":47,"column":null}}},"3":{"name":"(anonymous_5)","decl":{"start":{"line":35,"column":56},"end":{"line":35,"column":57}},"loc":{"start":{"line":35,"column":63},"end":{"line":35,"column":null}}},"4":{"name":"(anonymous_6)","decl":{"start":{"line":38,"column":59},"end":{"line":38,"column":60}},"loc":{"start":{"line":38,"column":66},"end":{"line":38,"column":null}}},"5":{"name":"(anonymous_7)","decl":{"start":{"line":51,"column":27},"end":{"line":51,"column":33}},"loc":{"start":{"line":51,"column":33},"end":{"line":51,"column":64}}},"6":{"name":"(anonymous_8)","decl":{"start":{"line":247,"column":41},"end":{"line":247,"column":42}},"loc":{"start":{"line":248,"column":18},"end":{"line":249,"column":null}}},"7":{"name":"(anonymous_9)","decl":{"start":{"line":284,"column":41},"end":{"line":284,"column":42}},"loc":{"start":{"line":285,"column":18},"end":{"line":286,"column":null}}}},"branchMap":{"0":{"loc":{"start":{"line":36,"column":16},"end":{"line":36,"column":null}},"type":"binary-expr","locations":[{"start":{"line":36,"column":16},"end":{"line":36,"column":22}},{"start":{"line":36,"column":26},"end":{"line":36,"column":null}}]},"1":{"loc":{"start":{"line":37,"column":8},"end":{"line":40,"column":null}},"type":"if","locations":[{"start":{"line":37,"column":8},"end":{"line":40,"column":null}}]},"2":{"loc":{"start":{"line":37,"column":12},"end":{"line":37,"column":36}},"type":"binary-expr","locations":[{"start":{"line":37,"column":12},"end":{"line":37,"column":18}},{"start":{"line":37,"column":22},"end":{"line":37,"column":36}}]},"3":{"loc":{"start":{"line":51,"column":33},"end":{"line":51,"column":64}},"type":"binary-expr","locations":[{"start":{"line":51,"column":33},"end":{"line":51,"column":41}},{"start":{"line":51,"column":41},"end":{"line":51,"column":64}}]},"4":{"loc":{"start":{"line":53,"column":2},"end":{"line":61,"column":null}},"type":"if","locations":[{"start":{"line":53,"column":2},"end":{"line":61,"column":null}}]},"5":{"loc":{"start":{"line":63,"column":2},"end":{"line":71,"column":null}},"type":"if","locations":[{"start":{"line":63,"column":2},"end":{"line":71,"column":null}}]},"6":{"loc":{"start":{"line":73,"column":2},"end":{"line":81,"column":null}},"type":"if","locations":[{"start":{"line":73,"column":2},"end":{"line":81,"column":null}}]},"7":{"loc":{"start":{"line":91,"column":7},"end":{"line":91,"column":16}},"type":"binary-expr","locations":[{"start":{"line":91,"column":7},"end":{"line":91,"column":16}}]},"8":{"loc":{"start":{"line":99,"column":69},"end":{"line":99,"column":null}},"type":"binary-expr","locations":[{"start":{"line":99,"column":69},"end":{"line":99,"column":87}},{"start":{"line":99,"column":87},"end":{"line":99,"column":null}}]},"9":{"loc":{"start":{"line":101,"column":63},"end":{"line":101,"column":95}},"type":"binary-expr","locations":[{"start":{"line":101,"column":63},"end":{"line":101,"column":86}},{"start":{"line":101,"column":86},"end":{"line":101,"column":95}}]},"10":{"loc":{"start":{"line":102,"column":63},"end":{"line":102,"column":95}},"type":"binary-expr","locations":[{"start":{"line":102,"column":63},"end":{"line":102,"column":86}},{"start":{"line":102,"column":86},"end":{"line":102,"column":95}}]},"11":{"loc":{"start":{"line":122,"column":69},"end":{"line":122,"column":null}},"type":"binary-expr","locations":[{"start":{"line":122,"column":69},"end":{"line":122,"column":93}},{"start":{"line":122,"column":93},"end":{"line":122,"column":null}}]},"12":{"loc":{"start":{"line":124,"column":64},"end":{"line":124,"column":96}},"type":"binary-expr","locations":[{"start":{"line":124,"column":64},"end":{"line":124,"column":87}},{"start":{"line":124,"column":87},"end":{"line":124,"column":96}}]},"13":{"loc":{"start":{"line":145,"column":17},"end":{"line":145,"column":null}},"type":"cond-expr","locations":[{"start":{"line":145,"column":42},"end":{"line":145,"column":92}},{"start":{"line":145,"column":92},"end":{"line":145,"column":null}}]},"14":{"loc":{"start":{"line":165,"column":17},"end":{"line":165,"column":null}},"type":"cond-expr","locations":[{"start":{"line":165,"column":39},"end":{"line":165,"column":86}},{"start":{"line":165,"column":86},"end":{"line":165,"column":null}}]},"15":{"loc":{"start":{"line":246,"column":14},"end":{"line":272,"column":15}},"type":"cond-expr","locations":[{"start":{"line":246,"column":14},"end":{"line":272,"column":15}}]},"16":{"loc":{"start":{"line":245,"column":13},"end":{"line":245,"column":null}},"type":"binary-expr","locations":[{"start":{"line":245,"column":13},"end":{"line":245,"column":37}},{"start":{"line":245,"column":37},"end":{"line":245,"column":null}}]},"17":{"loc":{"start":{"line":283,"column":14},"end":{"line":317,"column":15}},"type":"cond-expr","locations":[{"start":{"line":283,"column":14},"end":{"line":317,"column":15}}]},"18":{"loc":{"start":{"line":282,"column":13},"end":{"line":282,"column":null}},"type":"binary-expr","locations":[{"start":{"line":282,"column":13},"end":{"line":282,"column":37}},{"start":{"line":282,"column":37},"end":{"line":282,"column":null}}]}},"s":{"0":0,"1":0,"2":0,"3":0,"4":0,"5":0,"6":0,"7":0,"8":0,"9":0,"10":0,"11":0,"12":0,"13":0,"14":0,"15":0,"16":0,"17":0,"18":0,"19":0,"20":0,"21":0,"22":0,"23":0,"24":0,"25":0,"26":0},"f":{"0":0,"1":0,"2":0,"3":0,"4":0,"5":0,"6":0,"7":0},"b":{"0":[0,0],"1":[0],"2":[0,0],"3":[0,0],"4":[0],"5":[0],"6":[0],"7":[0],"8":[0,0],"9":[0,0],"10":[0,0],"11":[0,0],"12":[0,0],"13":[0,0],"14":[0,0],"15":[0],"16":[0,0],"17":[0],"18":[0,0]}}
,"C:\\Users\\trinle\\git\\ha\\nextjs-app\\app\\admin\\power-plans\\page.tsx": {"path":"C:\\Users\\trinle\\git\\ha\\nextjs-app\\app\\admin\\power-plans\\page.tsx","statementMap":{"0":{"start":{"line":31,"column":24},"end":{"line":31,"column":null}},"1":{"start":{"line":3,"column":45},"end":{"line":3,"column":null}},"2":{"start":{"line":32,"column":26},"end":{"line":32,"column":null}},"3":{"start":{"line":33,"column":28},"end":{"line":33,"column":null}},"4":{"start":{"line":34,"column":32},"end":{"line":34,"column":null}},"5":{"start":{"line":35,"column":28},"end":{"line":35,"column":null}},"6":{"start":{"line":37,"column":26},"end":{"line":52,"column":null}},"7":{"start":{"line":54,"column":2},"end":{"line":69,"column":null}},"8":{"start":{"line":56,"column":6},"end":{"line":66,"column":null}},"9":{"start":{"line":57,"column":18},"end":{"line":57,"column":null}},"10":{"start":{"line":57,"column":63},"end":{"line":57,"column":null}},"11":{"start":{"line":58,"column":8},"end":{"line":58,"column":null}},"12":{"start":{"line":59,"column":18},"end":{"line":59,"column":null}},"13":{"start":{"line":59,"column":71},"end":{"line":59,"column":null}},"14":{"start":{"line":60,"column":8},"end":{"line":60,"column":null}},"15":{"start":{"line":62,"column":8},"end":{"line":62,"column":null}},"16":{"start":{"line":63,"column":8},"end":{"line":63,"column":null}},"17":{"start":{"line":65,"column":8},"end":{"line":65,"column":null}},"18":{"start":{"line":68,"column":4},"end":{"line":68,"column":null}},"19":{"start":{"line":71,"column":19},"end":{"line":71,"column":null}},"20":{"start":{"line":71,"column":33},"end":{"line":71,"column":64}},"21":{"start":{"line":74,"column":4},"end":{"line":74,"column":null}},"22":{"start":{"line":75,"column":4},"end":{"line":105,"column":null}},"23":{"start":{"line":76,"column":18},"end":{"line":80,"column":null}},"24":{"start":{"line":81,"column":6},"end":{"line":84,"column":null}},"25":{"start":{"line":82,"column":18},"end":{"line":82,"column":null}},"26":{"start":{"line":83,"column":8},"end":{"line":83,"column":null}},"27":{"start":{"line":85,"column":16},"end":{"line":85,"column":null}},"28":{"start":{"line":86,"column":6},"end":{"line":86,"column":null}},"29":{"start":{"line":86,"column":25},"end":{"line":86,"column":null}},"30":{"start":{"line":87,"column":6},"end":{"line":102,"column":null}},"31":{"start":{"line":104,"column":6},"end":{"line":104,"column":null}},"32":{"start":{"line":109,"column":4},"end":{"line":109,"column":null}},"33":{"start":{"line":110,"column":4},"end":{"line":124,"column":null}},"34":{"start":{"line":111,"column":18},"end":{"line":115,"column":null}},"35":{"start":{"line":116,"column":6},"end":{"line":119,"column":null}},"36":{"start":{"line":117,"column":18},"end":{"line":117,"column":null}},"37":{"start":{"line":118,"column":8},"end":{"line":118,"column":null}},"38":{"start":{"line":120,"column":16},"end":{"line":120,"column":null}},"39":{"start":{"line":121,"column":6},"end":{"line":121,"column":null}},"40":{"start":{"line":121,"column":25},"end":{"line":121,"column":null}},"41":{"start":{"line":121,"column":42},"end":{"line":121,"column":null}},"42":{"start":{"line":123,"column":6},"end":{"line":123,"column":null}},"43":{"start":{"line":128,"column":4},"end":{"line":128,"column":null}},"44":{"start":{"line":129,"column":4},"end":{"line":138,"column":null}},"45":{"start":{"line":130,"column":18},"end":{"line":130,"column":null}},"46":{"start":{"line":131,"column":6},"end":{"line":134,"column":null}},"47":{"start":{"line":132,"column":18},"end":{"line":132,"column":null}},"48":{"start":{"line":133,"column":8},"end":{"line":133,"column":null}},"49":{"start":{"line":135,"column":6},"end":{"line":135,"column":null}},"50":{"start":{"line":135,"column":25},"end":{"line":135,"column":null}},"51":{"start":{"line":135,"column":44},"end":{"line":135,"column":null}},"52":{"start":{"line":137,"column":6},"end":{"line":137,"column":null}},"53":{"start":{"line":158,"column":29},"end":{"line":158,"column":null}},"54":{"start":{"line":164,"column":29},"end":{"line":164,"column":null}},"55":{"start":{"line":170,"column":31},"end":{"line":170,"column":null}},"56":{"start":{"line":178,"column":31},"end":{"line":178,"column":null}},"57":{"start":{"line":188,"column":29},"end":{"line":188,"column":null}},"58":{"start":{"line":196,"column":29},"end":{"line":196,"column":null}},"59":{"start":{"line":204,"column":29},"end":{"line":204,"column":null}},"60":{"start":{"line":212,"column":29},"end":{"line":212,"column":null}},"61":{"start":{"line":218,"column":31},"end":{"line":218,"column":null}},"62":{"start":{"line":226,"column":31},"end":{"line":226,"column":null}},"63":{"start":{"line":236,"column":29},"end":{"line":236,"column":null}},"64":{"start":{"line":244,"column":29},"end":{"line":244,"column":null}},"65":{"start":{"line":253,"column":14},"end":{"line":253,"column":null}},"66":{"start":{"line":262,"column":29},"end":{"line":262,"column":null}},"67":{"start":{"line":285,"column":14},"end":{"line":285,"column":29}},"68":{"start":{"line":292,"column":37},"end":{"line":292,"column":null}},"69":{"start":{"line":325,"column":35},"end":{"line":325,"column":null}},"70":{"start":{"line":329,"column":91},"end":{"line":329,"column":110}}},"fnMap":{"0":{"name":"PowerPlansAdminPage","decl":{"start":{"line":31,"column":24},"end":{"line":31,"column":null}},"loc":{"start":{"line":31,"column":24},"end":{"line":340,"column":null}}},"1":{"name":"(anonymous_2)","decl":{"start":{"line":54,"column":12},"end":{"line":54,"column":null}},"loc":{"start":{"line":54,"column":12},"end":{"line":69,"column":5}}},"2":{"name":"init","decl":{"start":{"line":55,"column":19},"end":{"line":55,"column":null}},"loc":{"start":{"line":55,"column":19},"end":{"line":67,"column":null}}},"3":{"name":"(anonymous_4)","decl":{"start":{"line":57,"column":56},"end":{"line":57,"column":57}},"loc":{"start":{"line":57,"column":63},"end":{"line":57,"column":null}}},"4":{"name":"(anonymous_5)","decl":{"start":{"line":59,"column":64},"end":{"line":59,"column":65}},"loc":{"start":{"line":59,"column":71},"end":{"line":59,"column":null}}},"5":{"name":"(anonymous_6)","decl":{"start":{"line":71,"column":27},"end":{"line":71,"column":33}},"loc":{"start":{"line":71,"column":33},"end":{"line":71,"column":64}}},"6":{"name":"createPlan","decl":{"start":{"line":73,"column":17},"end":{"line":73,"column":null}},"loc":{"start":{"line":73,"column":17},"end":{"line":106,"column":null}}},"7":{"name":"(anonymous_8)","decl":{"start":{"line":86,"column":15},"end":{"line":86,"column":16}},"loc":{"start":{"line":86,"column":25},"end":{"line":86,"column":null}}},"8":{"name":"updatePlan","decl":{"start":{"line":108,"column":17},"end":{"line":108,"column":28}},"loc":{"start":{"line":108,"column":65},"end":{"line":125,"column":null}}},"9":{"name":"(anonymous_10)","decl":{"start":{"line":121,"column":15},"end":{"line":121,"column":16}},"loc":{"start":{"line":121,"column":25},"end":{"line":121,"column":null}}},"10":{"name":"(anonymous_11)","decl":{"start":{"line":121,"column":34},"end":{"line":121,"column":35}},"loc":{"start":{"line":121,"column":42},"end":{"line":121,"column":null}}},"11":{"name":"deletePlan","decl":{"start":{"line":127,"column":17},"end":{"line":127,"column":28}},"loc":{"start":{"line":127,"column":38},"end":{"line":139,"column":null}}},"12":{"name":"(anonymous_13)","decl":{"start":{"line":135,"column":15},"end":{"line":135,"column":16}},"loc":{"start":{"line":135,"column":25},"end":{"line":135,"column":null}}},"13":{"name":"(anonymous_14)","decl":{"start":{"line":135,"column":37},"end":{"line":135,"column":38}},"loc":{"start":{"line":135,"column":44},"end":{"line":135,"column":null}}},"14":{"name":"(anonymous_15)","decl":{"start":{"line":158,"column":22},"end":{"line":158,"column":23}},"loc":{"start":{"line":158,"column":29},"end":{"line":158,"column":null}}},"15":{"name":"(anonymous_16)","decl":{"start":{"line":164,"column":22},"end":{"line":164,"column":23}},"loc":{"start":{"line":164,"column":29},"end":{"line":164,"column":null}}},"16":{"name":"(anonymous_17)","decl":{"start":{"line":170,"column":24},"end":{"line":170,"column":25}},"loc":{"start":{"line":170,"column":31},"end":{"line":170,"column":null}}},"17":{"name":"(anonymous_18)","decl":{"start":{"line":178,"column":24},"end":{"line":178,"column":25}},"loc":{"start":{"line":178,"column":31},"end":{"line":178,"column":null}}},"18":{"name":"(anonymous_19)","decl":{"start":{"line":188,"column":22},"end":{"line":188,"column":23}},"loc":{"start":{"line":188,"column":29},"end":{"line":188,"column":null}}},"19":{"name":"(anonymous_20)","decl":{"start":{"line":196,"column":22},"end":{"line":196,"column":23}},"loc":{"start":{"line":196,"column":29},"end":{"line":196,"column":null}}},"20":{"name":"(anonymous_21)","decl":{"start":{"line":204,"column":22},"end":{"line":204,"column":23}},"loc":{"start":{"line":204,"column":29},"end":{"line":204,"column":null}}},"21":{"name":"(anonymous_22)","decl":{"start":{"line":212,"column":22},"end":{"line":212,"column":23}},"loc":{"start":{"line":212,"column":29},"end":{"line":212,"column":null}}},"22":{"name":"(anonymous_23)","decl":{"start":{"line":218,"column":24},"end":{"line":218,"column":25}},"loc":{"start":{"line":218,"column":31},"end":{"line":218,"column":null}}},"23":{"name":"(anonymous_24)","decl":{"start":{"line":226,"column":24},"end":{"line":226,"column":25}},"loc":{"start":{"line":226,"column":31},"end":{"line":226,"column":null}}},"24":{"name":"(anonymous_25)","decl":{"start":{"line":236,"column":22},"end":{"line":236,"column":23}},"loc":{"start":{"line":236,"column":29},"end":{"line":236,"column":null}}},"25":{"name":"(anonymous_26)","decl":{"start":{"line":244,"column":22},"end":{"line":244,"column":23}},"loc":{"start":{"line":244,"column":29},"end":{"line":244,"column":null}}},"26":{"name":"(anonymous_27)","decl":{"start":{"line":252,"column":22},"end":{"line":252,"column":23}},"loc":{"start":{"line":253,"column":14},"end":{"line":253,"column":null}}},"27":{"name":"(anonymous_28)","decl":{"start":{"line":262,"column":22},"end":{"line":262,"column":23}},"loc":{"start":{"line":262,"column":29},"end":{"line":262,"column":null}}},"28":{"name":"(anonymous_29)","decl":{"start":{"line":284,"column":23},"end":{"line":284,"column":24}},"loc":{"start":{"line":285,"column":14},"end":{"line":285,"column":29}}},"29":{"name":"(anonymous_30)","decl":{"start":{"line":292,"column":30},"end":{"line":292,"column":31}},"loc":{"start":{"line":292,"column":37},"end":{"line":292,"column":null}}},"30":{"name":"(anonymous_31)","decl":{"start":{"line":325,"column":29},"end":{"line":325,"column":35}},"loc":{"start":{"line":325,"column":35},"end":{"line":325,"column":null}}},"31":{"name":"(anonymous_32)","decl":{"start":{"line":329,"column":85},"end":{"line":329,"column":91}},"loc":{"start":{"line":329,"column":91},"end":{"line":329,"column":110}}}},"branchMap":{"0":{"loc":{"start":{"line":58,"column":16},"end":{"line":58,"column":null}},"type":"binary-expr","locations":[{"start":{"line":58,"column":16},"end":{"line":58,"column":22}},{"start":{"line":58,"column":26},"end":{"line":58,"column":null}}]},"1":{"loc":{"start":{"line":60,"column":17},"end":{"line":60,"column":30}},"type":"binary-expr","locations":[{"start":{"line":60,"column":17},"end":{"line":60,"column":24}},{"start":{"line":60,"column":28},"end":{"line":60,"column":30}}]},"2":{"loc":{"start":{"line":71,"column":33},"end":{"line":71,"column":64}},"type":"binary-expr","locations":[{"start":{"line":71,"column":33},"end":{"line":71,"column":41}},{"start":{"line":71,"column":41},"end":{"line":71,"column":64}}]},"3":{"loc":{"start":{"line":81,"column":6},"end":{"line":84,"column":null}},"type":"if","locations":[{"start":{"line":81,"column":6},"end":{"line":84,"column":null}}]},"4":{"loc":{"start":{"line":83,"column":24},"end":{"line":83,"column":null}},"type":"binary-expr","locations":[{"start":{"line":83,"column":24},"end":{"line":83,"column":31}},{"start":{"line":83,"column":35},"end":{"line":83,"column":null}}]},"5":{"loc":{"start":{"line":104,"column":15},"end":{"line":104,"column":null}},"type":"binary-expr","locations":[{"start":{"line":104,"column":15},"end":{"line":104,"column":26}},{"start":{"line":104,"column":30},"end":{"line":104,"column":null}}]},"6":{"loc":{"start":{"line":116,"column":6},"end":{"line":119,"column":null}},"type":"if","locations":[{"start":{"line":116,"column":6},"end":{"line":119,"column":null}}]},"7":{"loc":{"start":{"line":118,"column":24},"end":{"line":118,"column":null}},"type":"binary-expr","locations":[{"start":{"line":118,"column":24},"end":{"line":118,"column":31}},{"start":{"line":118,"column":35},"end":{"line":118,"column":null}}]},"8":{"loc":{"start":{"line":121,"column":42},"end":{"line":121,"column":null}},"type":"cond-expr","locations":[{"start":{"line":121,"column":56},"end":{"line":121,"column":62}},{"start":{"line":121,"column":65},"end":{"line":121,"column":null}}]},"9":{"loc":{"start":{"line":123,"column":15},"end":{"line":123,"column":null}},"type":"binary-expr","locations":[{"start":{"line":123,"column":15},"end":{"line":123,"column":26}},{"start":{"line":123,"column":30},"end":{"line":123,"column":null}}]},"10":{"loc":{"start":{"line":131,"column":6},"end":{"line":134,"column":null}},"type":"if","locations":[{"start":{"line":131,"column":6},"end":{"line":134,"column":null}}]},"11":{"loc":{"start":{"line":133,"column":24},"end":{"line":133,"column":null}},"type":"binary-expr","locations":[{"start":{"line":133,"column":24},"end":{"line":133,"column":31}},{"start":{"line":133,"column":35},"end":{"line":133,"column":null}}]},"12":{"loc":{"start":{"line":137,"column":15},"end":{"line":137,"column":null}},"type":"binary-expr","locations":[{"start":{"line":137,"column":15},"end":{"line":137,"column":26}},{"start":{"line":137,"column":30},"end":{"line":137,"column":null}}]},"13":{"loc":{"start":{"line":149,"column":7},"end":{"line":149,"column":16}},"type":"binary-expr","locations":[{"start":{"line":149,"column":7},"end":{"line":149,"column":16}}]},"14":{"loc":{"start":{"line":170,"column":58},"end":{"line":170,"column":83}},"type":"cond-expr","locations":[{"start":{"line":170,"column":77},"end":{"line":170,"column":81}},{"start":{"line":170,"column":81},"end":{"line":170,"column":83}}]},"15":{"loc":{"start":{"line":178,"column":64},"end":{"line":178,"column":89}},"type":"cond-expr","locations":[{"start":{"line":178,"column":83},"end":{"line":178,"column":87}},{"start":{"line":178,"column":87},"end":{"line":178,"column":89}}]},"16":{"loc":{"start":{"line":187,"column":19},"end":{"line":187,"column":null}},"type":"binary-expr","locations":[{"start":{"line":187,"column":19},"end":{"line":187,"column":33}},{"start":{"line":187,"column":37},"end":{"line":187,"column":null}}]},"17":{"loc":{"start":{"line":188,"column":59},"end":{"line":188,"column":110}},"type":"cond-expr","locations":[{"start":{"line":188,"column":76},"end":{"line":188,"column":105}},{"start":{"line":188,"column":105},"end":{"line":188,"column":110}}]},"18":{"loc":{"start":{"line":195,"column":19},"end":{"line":195,"column":null}},"type":"binary-expr","locations":[{"start":{"line":195,"column":19},"end":{"line":195,"column":33}},{"start":{"line":195,"column":37},"end":{"line":195,"column":null}}]},"19":{"loc":{"start":{"line":196,"column":59},"end":{"line":196,"column":110}},"type":"cond-expr","locations":[{"start":{"line":196,"column":76},"end":{"line":196,"column":105}},{"start":{"line":196,"column":105},"end":{"line":196,"column":110}}]},"20":{"loc":{"start":{"line":203,"column":19},"end":{"line":203,"column":null}},"type":"binary-expr","locations":[{"start":{"line":203,"column":19},"end":{"line":203,"column":37}},{"start":{"line":203,"column":41},"end":{"line":203,"column":null}}]},"21":{"loc":{"start":{"line":204,"column":63},"end":{"line":204,"column":114}},"type":"cond-expr","locations":[{"start":{"line":204,"column":80},"end":{"line":204,"column":109}},{"start":{"line":204,"column":109},"end":{"line":204,"column":114}}]},"22":{"loc":{"start":{"line":211,"column":19},"end":{"line":211,"column":null}},"type":"binary-expr","locations":[{"start":{"line":211,"column":19},"end":{"line":211,"column":36}},{"start":{"line":211,"column":40},"end":{"line":211,"column":null}}]},"23":{"loc":{"start":{"line":212,"column":62},"end":{"line":212,"column":113}},"type":"cond-expr","locations":[{"start":{"line":212,"column":79},"end":{"line":212,"column":108}},{"start":{"line":212,"column":108},"end":{"line":212,"column":113}}]},"24":{"loc":{"start":{"line":218,"column":59},"end":{"line":218,"column":84}},"type":"cond-expr","locations":[{"start":{"line":218,"column":78},"end":{"line":218,"column":82}},{"start":{"line":218,"column":82},"end":{"line":218,"column":84}}]},"25":{"loc":{"start":{"line":226,"column":68},"end":{"line":226,"column":93}},"type":"cond-expr","locations":[{"start":{"line":226,"column":87},"end":{"line":226,"column":91}},{"start":{"line":226,"column":91},"end":{"line":226,"column":93}}]},"26":{"loc":{"start":{"line":235,"column":19},"end":{"line":235,"column":null}},"type":"binary-expr","locations":[{"start":{"line":235,"column":19},"end":{"line":235,"column":37}},{"start":{"line":235,"column":41},"end":{"line":235,"column":null}}]},"27":{"loc":{"start":{"line":236,"column":63},"end":{"line":236,"column":114}},"type":"cond-expr","locations":[{"start":{"line":236,"column":80},"end":{"line":236,"column":109}},{"start":{"line":236,"column":109},"end":{"line":236,"column":114}}]},"28":{"loc":{"start":{"line":243,"column":19},"end":{"line":243,"column":null}},"type":"binary-expr","locations":[{"start":{"line":243,"column":19},"end":{"line":243,"column":37}},{"start":{"line":243,"column":41},"end":{"line":243,"column":null}}]},"29":{"loc":{"start":{"line":244,"column":63},"end":{"line":244,"column":114}},"type":"cond-expr","locations":[{"start":{"line":244,"column":80},"end":{"line":244,"column":109}},{"start":{"line":244,"column":109},"end":{"line":244,"column":114}}]},"30":{"loc":{"start":{"line":251,"column":19},"end":{"line":251,"column":null}},"type":"binary-expr","locations":[{"start":{"line":251,"column":19},"end":{"line":251,"column":41}},{"start":{"line":251,"column":45},"end":{"line":251,"column":null}}]},"31":{"loc":{"start":{"line":253,"column":52},"end":{"line":253,"column":103}},"type":"cond-expr","locations":[{"start":{"line":253,"column":69},"end":{"line":253,"column":98}},{"start":{"line":253,"column":98},"end":{"line":253,"column":103}}]},"32":{"loc":{"start":{"line":261,"column":19},"end":{"line":261,"column":null}},"type":"binary-expr","locations":[{"start":{"line":261,"column":19},"end":{"line":261,"column":40}},{"start":{"line":261,"column":44},"end":{"line":261,"column":null}}]},"33":{"loc":{"start":{"line":262,"column":66},"end":{"line":262,"column":117}},"type":"cond-expr","locations":[{"start":{"line":262,"column":83},"end":{"line":262,"column":112}},{"start":{"line":262,"column":112},"end":{"line":262,"column":117}}]},"34":{"loc":{"start":{"line":292,"column":65},"end":{"line":292,"column":90}},"type":"cond-expr","locations":[{"start":{"line":292,"column":84},"end":{"line":292,"column":88}},{"start":{"line":292,"column":88},"end":{"line":292,"column":90}}]},"35":{"loc":{"start":{"line":297,"column":20},"end":{"line":301,"column":21}},"type":"cond-expr","locations":[{"start":{"line":297,"column":20},"end":{"line":301,"column":21}}]},"36":{"loc":{"start":{"line":298,"column":30},"end":{"line":298,"column":47}},"type":"binary-expr","locations":[{"start":{"line":298,"column":30},"end":{"line":298,"column":41}},{"start":{"line":298,"column":45},"end":{"line":298,"column":47}}]},"37":{"loc":{"start":{"line":298,"column":55},"end":{"line":298,"column":75}},"type":"binary-expr","locations":[{"start":{"line":298,"column":55},"end":{"line":298,"column":69}},{"start":{"line":298,"column":73},"end":{"line":298,"column":75}}]},"38":{"loc":{"start":{"line":302,"column":30},"end":{"line":302,"column":47}},"type":"binary-expr","locations":[{"start":{"line":302,"column":30},"end":{"line":302,"column":41}},{"start":{"line":302,"column":45},"end":{"line":302,"column":47}}]},"39":{"loc":{"start":{"line":302,"column":57},"end":{"line":302,"column":78}},"type":"binary-expr","locations":[{"start":{"line":302,"column":57},"end":{"line":302,"column":72}},{"start":{"line":302,"column":76},"end":{"line":302,"column":78}}]},"40":{"loc":{"start":{"line":302,"column":88},"end":{"line":302,"column":null}},"type":"binary-expr","locations":[{"start":{"line":302,"column":88},"end":{"line":302,"column":102}},{"start":{"line":302,"column":106},"end":{"line":302,"column":null}}]},"41":{"loc":{"start":{"line":308,"column":20},"end":{"line":319,"column":21}},"type":"cond-expr","locations":[{"start":{"line":308,"column":20},"end":{"line":319,"column":21}}]},"42":{"loc":{"start":{"line":308,"column":20},"end":{"line":319,"column":21}},"type":"cond-expr","locations":[{"start":{"line":309,"column":22},"end":{"line":313,"column":23}},{"start":{"line":313,"column":22},"end":{"line":319,"column":21}}]},"43":{"loc":{"start":{"line":310,"column":32},"end":{"line":310,"column":53}},"type":"binary-expr","locations":[{"start":{"line":310,"column":32},"end":{"line":310,"column":47}},{"start":{"line":310,"column":51},"end":{"line":310,"column":53}}]},"44":{"loc":{"start":{"line":310,"column":61},"end":{"line":310,"column":85}},"type":"binary-expr","locations":[{"start":{"line":310,"column":61},"end":{"line":310,"column":79}},{"start":{"line":310,"column":83},"end":{"line":310,"column":85}}]},"45":{"loc":{"start":{"line":314,"column":32},"end":{"line":314,"column":53}},"type":"binary-expr","locations":[{"start":{"line":314,"column":32},"end":{"line":314,"column":47}},{"start":{"line":314,"column":51},"end":{"line":314,"column":53}}]},"46":{"loc":{"start":{"line":314,"column":63},"end":{"line":314,"column":88}},"type":"binary-expr","locations":[{"start":{"line":314,"column":63},"end":{"line":314,"column":82}},{"start":{"line":314,"column":86},"end":{"line":314,"column":88}}]},"47":{"loc":{"start":{"line":315,"column":25},"end":{"line":315,"column":null}},"type":"binary-expr","locations":[{"start":{"line":315,"column":25},"end":{"line":315,"column":43}},{"start":{"line":315,"column":47},"end":{"line":315,"column":null}}]},"48":{"loc":{"start":{"line":325,"column":63},"end":{"line":325,"column":86}},"type":"cond-expr","locations":[{"start":{"line":325,"column":80},"end":{"line":325,"column":84}},{"start":{"line":325,"column":84},"end":{"line":325,"column":86}}]}},"s":{"0":0,"1":0,"2":0,"3":0,"4":0,"5":0,"6":0,"7":0,"8":0,"9":0,"10":0,"11":0,"12":0,"13":0,"14":0,"15":0,"16":0,"17":0,"18":0,"19":0,"20":0,"21":0,"22":0,"23":0,"24":0,"25":0,"26":0,"27":0,"28":0,"29":0,"30":0,"31":0,"32":0,"33":0,"34":0,"35":0,"36":0,"37":0,"38":0,"39":0,"40":0,"41":0,"42":0,"43":0,"44":0,"45":0,"46":0,"47":0,"48":0,"49":0,"50":0,"51":0,"52":0,"53":0,"54":0,"55":0,"56":0,"57":0,"58":0,"59":0,"60":0,"61":0,"62":0,"63":0,"64":0,"65":0,"66":0,"67":0,"68":0,"69":0,"70":0},"f":{"0":0,"1":0,"2":0,"3":0,"4":0,"5":0,"6":0,"7":0,"8":0,"9":0,"10":0,"11":0,"12":0,"13":0,"14":0,"15":0,"16":0,"17":0,"18":0,"19":0,"20":0,"21":0,"22":0,"23":0,"24":0,"25":0,"26":0,"27":0,"28":0,"29":0,"30":0,"31":0},"b":{"0":[0,0],"1":[0,0],"2":[0,0],"3":[0],"4":[0,0],"5":[0,0],"6":[0],"7":[0,0],"8":[0,0],"9":[0,0],"10":[0],"11":[0,0],"12":[0,0],"13":[0],"14":[0,0],"15":[0,0],"16":[0,0],"17":[0,0],"18":[0,0],"19":[0,0],"20":[0,0],"21":[0,0],"22":[0,0],"23":[0,0],"24":[0,0],"25":[0,0],"26":[0,0],"27":[0,0],"28":[0,0],"29":[0,0],"30":[0,0],"31":[0,0],"32":[0,0],"33":[0,0],"34":[0,0],"35":[0],"36":[0,0],"37":[0,0],"38":[0,0],"39":[0,0],"40":[0,0],"41":[0],"42":[0,0],"43":[0,0],"44":[0,0],"45":[0,0],"46":[0,0],"47":[0,0],"48":[0,0]}}
,"C:\\Users\\trinle\\git\\ha\\nextjs-app\\app\\admin\\users\\page.tsx": {"path":"C:\\Users\\trinle\\git\\ha\\nextjs-app\\app\\admin\\users\\page.tsx","statementMap":{"0":{"start":{"line":23,"column":24},"end":{"line":23,"column":null}},"1":{"start":{"line":3,"column":45},"end":{"line":3,"column":null}},"2":{"start":{"line":24,"column":26},"end":{"line":24,"column":null}},"3":{"start":{"line":25,"column":26},"end":{"line":25,"column":null}},"4":{"start":{"line":26,"column":32},"end":{"line":26,"column":null}},"5":{"start":{"line":27,"column":28},"end":{"line":27,"column":null}},"6":{"start":{"line":29,"column":2},"end":{"line":46,"column":null}},"7":{"start":{"line":31,"column":6},"end":{"line":43,"column":null}},"8":{"start":{"line":32,"column":18},"end":{"line":32,"column":null}},"9":{"start":{"line":32,"column":63},"end":{"line":32,"column":null}},"10":{"start":{"line":33,"column":8},"end":{"line":33,"column":null}},"11":{"start":{"line":34,"column":8},"end":{"line":37,"column":null}},"12":{"start":{"line":35,"column":20},"end":{"line":35,"column":null}},"13":{"start":{"line":35,"column":64},"end":{"line":35,"column":null}},"14":{"start":{"line":36,"column":10},"end":{"line":36,"column":null}},"15":{"start":{"line":39,"column":8},"end":{"line":39,"column":null}},"16":{"start":{"line":40,"column":8},"end":{"line":40,"column":null}},"17":{"start":{"line":42,"column":8},"end":{"line":42,"column":null}},"18":{"start":{"line":45,"column":4},"end":{"line":45,"column":null}},"19":{"start":{"line":48,"column":19},"end":{"line":48,"column":null}},"20":{"start":{"line":48,"column":33},"end":{"line":48,"column":64}},"21":{"start":{"line":51,"column":4},"end":{"line":51,"column":null}},"22":{"start":{"line":52,"column":4},"end":{"line":66,"column":null}},"23":{"start":{"line":53,"column":18},"end":{"line":57,"column":null}},"24":{"start":{"line":58,"column":6},"end":{"line":61,"column":null}},"25":{"start":{"line":59,"column":18},"end":{"line":59,"column":null}},"26":{"start":{"line":60,"column":8},"end":{"line":60,"column":null}},"27":{"start":{"line":62,"column":16},"end":{"line":62,"column":null}},"28":{"start":{"line":63,"column":6},"end":{"line":63,"column":null}},"29":{"start":{"line":63,"column":24},"end":{"line":63,"column":null}},"30":{"start":{"line":63,"column":41},"end":{"line":63,"column":null}},"31":{"start":{"line":65,"column":6},"end":{"line":65,"column":null}},"32":{"start":{"line":92,"column":12},"end":{"line":92,"column":27}},"33":{"start":{"line":101,"column":76},"end":{"line":101,"column":null}}},"fnMap":{"0":{"name":"AdminUsersPage","decl":{"start":{"line":23,"column":24},"end":{"line":23,"column":null}},"loc":{"start":{"line":23,"column":24},"end":{"line":111,"column":null}}},"1":{"name":"(anonymous_2)","decl":{"start":{"line":29,"column":12},"end":{"line":29,"column":null}},"loc":{"start":{"line":29,"column":12},"end":{"line":46,"column":5}}},"2":{"name":"init","decl":{"start":{"line":30,"column":19},"end":{"line":30,"column":null}},"loc":{"start":{"line":30,"column":19},"end":{"line":44,"column":null}}},"3":{"name":"(anonymous_4)","decl":{"start":{"line":32,"column":56},"end":{"line":32,"column":57}},"loc":{"start":{"line":32,"column":63},"end":{"line":32,"column":null}}},"4":{"name":"(anonymous_5)","decl":{"start":{"line":35,"column":57},"end":{"line":35,"column":58}},"loc":{"start":{"line":35,"column":64},"end":{"line":35,"column":null}}},"5":{"name":"(anonymous_6)","decl":{"start":{"line":48,"column":27},"end":{"line":48,"column":33}},"loc":{"start":{"line":48,"column":33},"end":{"line":48,"column":64}}},"6":{"name":"toggleAdmin","decl":{"start":{"line":50,"column":17},"end":{"line":50,"column":29}},"loc":{"start":{"line":50,"column":56},"end":{"line":67,"column":null}}},"7":{"name":"(anonymous_8)","decl":{"start":{"line":63,"column":14},"end":{"line":63,"column":15}},"loc":{"start":{"line":63,"column":24},"end":{"line":63,"column":null}}},"8":{"name":"(anonymous_9)","decl":{"start":{"line":63,"column":33},"end":{"line":63,"column":34}},"loc":{"start":{"line":63,"column":41},"end":{"line":63,"column":null}}},"9":{"name":"(anonymous_10)","decl":{"start":{"line":91,"column":20},"end":{"line":91,"column":21}},"loc":{"start":{"line":92,"column":12},"end":{"line":92,"column":27}}},"10":{"name":"(anonymous_11)","decl":{"start":{"line":101,"column":70},"end":{"line":101,"column":76}},"loc":{"start":{"line":101,"column":76},"end":{"line":101,"column":null}}}},"branchMap":{"0":{"loc":{"start":{"line":33,"column":16},"end":{"line":33,"column":null}},"type":"binary-expr","locations":[{"start":{"line":33,"column":16},"end":{"line":33,"column":22}},{"start":{"line":33,"column":26},"end":{"line":33,"column":null}}]},"1":{"loc":{"start":{"line":34,"column":8},"end":{"line":37,"column":null}},"type":"if","locations":[{"start":{"line":34,"column":8},"end":{"line":37,"column":null}}]},"2":{"loc":{"start":{"line":34,"column":12},"end":{"line":34,"column":36}},"type":"binary-expr","locations":[{"start":{"line":34,"column":12},"end":{"line":34,"column":18}},{"start":{"line":34,"column":22},"end":{"line":34,"column":36}}]},"3":{"loc":{"start":{"line":36,"column":18},"end":{"line":36,"column":31}},"type":"binary-expr","locations":[{"start":{"line":36,"column":18},"end":{"line":36,"column":25}},{"start":{"line":36,"column":29},"end":{"line":36,"column":31}}]},"4":{"loc":{"start":{"line":48,"column":33},"end":{"line":48,"column":64}},"type":"binary-expr","locations":[{"start":{"line":48,"column":33},"end":{"line":48,"column":41}},{"start":{"line":48,"column":41},"end":{"line":48,"column":64}}]},"5":{"loc":{"start":{"line":56,"column":40},"end":{"line":56,"column":69}},"type":"cond-expr","locations":[{"start":{"line":56,"column":56},"end":{"line":56,"column":64}},{"start":{"line":56,"column":64},"end":{"line":56,"column":69}}]},"6":{"loc":{"start":{"line":58,"column":6},"end":{"line":61,"column":null}},"type":"if","locations":[{"start":{"line":58,"column":6},"end":{"line":61,"column":null}}]},"7":{"loc":{"start":{"line":60,"column":24},"end":{"line":60,"column":null}},"type":"binary-expr","locations":[{"start":{"line":60,"column":24},"end":{"line":60,"column":31}},{"start":{"line":60,"column":35},"end":{"line":60,"column":null}}]},"8":{"loc":{"start":{"line":63,"column":41},"end":{"line":63,"column":null}},"type":"cond-expr","locations":[{"start":{"line":63,"column":55},"end":{"line":63,"column":93}},{"start":{"line":63,"column":93},"end":{"line":63,"column":null}}]},"9":{"loc":{"start":{"line":65,"column":15},"end":{"line":65,"column":null}},"type":"binary-expr","locations":[{"start":{"line":65,"column":15},"end":{"line":65,"column":26}},{"start":{"line":65,"column":30},"end":{"line":65,"column":null}}]},"10":{"loc":{"start":{"line":76,"column":7},"end":{"line":76,"column":16}},"type":"binary-expr","locations":[{"start":{"line":76,"column":7},"end":{"line":76,"column":16}}]},"11":{"loc":{"start":{"line":95,"column":19},"end":{"line":95,"column":null}},"type":"binary-expr","locations":[{"start":{"line":95,"column":19},"end":{"line":95,"column":26}},{"start":{"line":95,"column":30},"end":{"line":95,"column":null}}]},"12":{"loc":{"start":{"line":96,"column":19},"end":{"line":96,"column":null}},"type":"cond-expr","locations":[{"start":{"line":96,"column":38},"end":{"line":96,"column":46}},{"start":{"line":96,"column":46},"end":{"line":96,"column":null}}]},"13":{"loc":{"start":{"line":97,"column":19},"end":{"line":97,"column":null}},"type":"cond-expr","locations":[{"start":{"line":97,"column":38},"end":{"line":97,"column":46}},{"start":{"line":97,"column":46},"end":{"line":97,"column":null}}]},"14":{"loc":{"start":{"line":102,"column":19},"end":{"line":102,"column":null}},"type":"cond-expr","locations":[{"start":{"line":102,"column":38},"end":{"line":102,"column":55}},{"start":{"line":102,"column":55},"end":{"line":102,"column":null}}]}},"s":{"0":0,"1":0,"2":0,"3":0,"4":0,"5":0,"6":0,"7":0,"8":0,"9":0,"10":0,"11":0,"12":0,"13":0,"14":0,"15":0,"16":0,"17":0,"18":0,"19":0,"20":0,"21":0,"22":0,"23":0,"24":0,"25":0,"26":0,"27":0,"28":0,"29":0,"30":0,"31":0,"32":0,"33":0},"f":{"0":0,"1":0,"2":0,"3":0,"4":0,"5":0,"6":0,"7":0,"8":0,"9":0,"10":0},"b":{"0":[0,0],"1":[0],"2":[0,0],"3":[0,0],"4":[0,0],"5":[0,0],"6":[0],"7":[0,0],"8":[0,0],"9":[0,0],"10":[0],"11":[0,0],"12":[0,0],"13":[0,0],"14":[0,0]}}
,"C:\\Users\\trinle\\git\\ha\\nextjs-app\\app\\api-docs\\page.tsx": {"path":"C:\\Users\\trinle\\git\\ha\\nextjs-app\\app\\api-docs\\page.tsx","statementMap":{"0":{"start":{"line":860,"column":24},"end":{"line":860,"column":null}},"1":{"start":{"line":3,"column":26},"end":{"line":3,"column":null}},"2":{"start":{"line":4,"column":22},"end":{"line":4,"column":null}},"3":{"start":{"line":5,"column":7},"end":{"line":5,"column":null}},"4":{"start":{"line":7,"column":16},"end":{"line":858,"column":null}},"5":{"start":{"line":861,"column":2},"end":{"line":863,"column":null}},"6":{"start":{"line":862,"column":4},"end":{"line":862,"column":null}}},"fnMap":{"0":{"name":"ApiDocsPage","decl":{"start":{"line":860,"column":24},"end":{"line":860,"column":null}},"loc":{"start":{"line":860,"column":24},"end":{"line":885,"column":null}}},"1":{"name":"(anonymous_3)","decl":{"start":{"line":861,"column":12},"end":{"line":861,"column":null}},"loc":{"start":{"line":861,"column":12},"end":{"line":863,"column":5}}}},"branchMap":{},"s":{"0":0,"1":0,"2":0,"3":0,"4":0,"5":0,"6":0},"f":{"0":0,"1":0},"b":{}}
,"C:\\Users\\trinle\\git\\ha\\nextjs-app\\app\\api\\admin\\bootstrap\\route.ts": {"path":"C:\\Users\\trinle\\git\\ha\\nextjs-app\\app\\api\\admin\\bootstrap\\route.ts","statementMap":{"0":{"start":{"line":4,"column":22},"end":{"line":4,"column":27}},"1":{"start":{"line":1,"column":42},"end":{"line":1,"column":null}},"2":{"start":{"line":2,"column":35},"end":{"line":2,"column":null}},"3":{"start":{"line":5,"column":23},"end":{"line":5,"column":null}},"4":{"start":{"line":6,"column":2},"end":{"line":6,"column":null}},"5":{"start":{"line":6,"column":21},"end":{"line":6,"column":null}},"6":{"start":{"line":7,"column":17},"end":{"line":7,"column":null}},"7":{"start":{"line":8,"column":15},"end":{"line":8,"column":null}},"8":{"start":{"line":9,"column":2},"end":{"line":9,"column":null}},"9":{"start":{"line":9,"column":13},"end":{"line":9,"column":null}},"10":{"start":{"line":11,"column":13},"end":{"line":11,"column":null}},"11":{"start":{"line":12,"column":24},"end":{"line":12,"column":null}},"12":{"start":{"line":13,"column":2},"end":{"line":15,"column":null}},"13":{"start":{"line":14,"column":4},"end":{"line":14,"column":null}},"14":{"start":{"line":17,"column":2},"end":{"line":17,"column":null}},"15":{"start":{"line":18,"column":18},"end":{"line":18,"column":null}},"16":{"start":{"line":19,"column":2},"end":{"line":19,"column":null}}},"fnMap":{"0":{"name":"POST","decl":{"start":{"line":4,"column":22},"end":{"line":4,"column":27}},"loc":{"start":{"line":4,"column":47},"end":{"line":20,"column":null}}}},"branchMap":{"0":{"loc":{"start":{"line":6,"column":2},"end":{"line":6,"column":null}},"type":"if","locations":[{"start":{"line":6,"column":2},"end":{"line":6,"column":null}}]},"1":{"loc":{"start":{"line":9,"column":2},"end":{"line":9,"column":null}},"type":"if","locations":[{"start":{"line":9,"column":2},"end":{"line":9,"column":null}}]},"2":{"loc":{"start":{"line":13,"column":2},"end":{"line":15,"column":null}},"type":"if","locations":[{"start":{"line":13,"column":2},"end":{"line":15,"column":null}}]}},"s":{"0":0,"1":0,"2":0,"3":0,"4":0,"5":0,"6":0,"7":0,"8":0,"9":0,"10":0,"11":0,"12":0,"13":0,"14":0,"15":0,"16":0},"f":{"0":0},"b":{"0":[0],"1":[0],"2":[0]}}
,"C:\\Users\\trinle\\git\\ha\\nextjs-app\\app\\api\\admin\\metrics\\route.ts": {"path":"C:\\Users\\trinle\\git\\ha\\nextjs-app\\app\\api\\admin\\metrics\\route.ts","statementMap":{"0":{"start":{"line":12,"column":22},"end":{"line":12,"column":26}},"1":{"start":{"line":1,"column":42},"end":{"line":1,"column":null}},"2":{"start":{"line":2,"column":45},"end":{"line":2,"column":null}},"3":{"start":{"line":5,"column":17},"end":{"line":5,"column":null}},"4":{"start":{"line":6,"column":2},"end":{"line":6,"column":null}},"5":{"start":{"line":6,"column":15},"end":{"line":6,"column":null}},"6":{"start":{"line":7,"column":15},"end":{"line":7,"column":null}},"7":{"start":{"line":8,"column":2},"end":{"line":8,"column":null}},"8":{"start":{"line":8,"column":36},"end":{"line":8,"column":null}},"9":{"start":{"line":9,"column":2},"end":{"line":9,"column":null}},"10":{"start":{"line":13,"column":16},"end":{"line":13,"column":null}},"11":{"start":{"line":14,"column":2},"end":{"line":14,"column":null}},"12":{"start":{"line":14,"column":14},"end":{"line":14,"column":null}},"13":{"start":{"line":15,"column":18},"end":{"line":15,"column":null}},"14":{"start":{"line":16,"column":2},"end":{"line":16,"column":null}}},"fnMap":{"0":{"name":"requireAdmin","decl":{"start":{"line":4,"column":9},"end":{"line":4,"column":22}},"loc":{"start":{"line":4,"column":42},"end":{"line":10,"column":null}}},"1":{"name":"GET","decl":{"start":{"line":12,"column":22},"end":{"line":12,"column":26}},"loc":{"start":{"line":12,"column":46},"end":{"line":17,"column":null}}}},"branchMap":{"0":{"loc":{"start":{"line":6,"column":2},"end":{"line":6,"column":null}},"type":"if","locations":[{"start":{"line":6,"column":2},"end":{"line":6,"column":null}}]},"1":{"loc":{"start":{"line":8,"column":2},"end":{"line":8,"column":null}},"type":"if","locations":[{"start":{"line":8,"column":2},"end":{"line":8,"column":null}}]},"2":{"loc":{"start":{"line":8,"column":6},"end":{"line":8,"column":36}},"type":"binary-expr","locations":[{"start":{"line":8,"column":6},"end":{"line":8,"column":15}},{"start":{"line":8,"column":15},"end":{"line":8,"column":36}}]},"3":{"loc":{"start":{"line":14,"column":2},"end":{"line":14,"column":null}},"type":"if","locations":[{"start":{"line":14,"column":2},"end":{"line":14,"column":null}}]}},"s":{"0":0,"1":0,"2":0,"3":0,"4":0,"5":0,"6":0,"7":0,"8":0,"9":0,"10":0,"11":0,"12":0,"13":0,"14":0},"f":{"0":0,"1":0},"b":{"0":[0],"1":[0],"2":[0,0],"3":[0]}}
,"C:\\Users\\trinle\\git\\ha\\nextjs-app\\app\\api\\admin\\users\\route.ts": {"path":"C:\\Users\\trinle\\git\\ha\\nextjs-app\\app\\api\\admin\\users\\route.ts","statementMap":{"0":{"start":{"line":12,"column":22},"end":{"line":12,"column":26}},"1":{"start":{"line":1,"column":42},"end":{"line":1,"column":null}},"2":{"start":{"line":2,"column":39},"end":{"line":2,"column":null}},"3":{"start":{"line":5,"column":17},"end":{"line":5,"column":null}},"4":{"start":{"line":6,"column":2},"end":{"line":6,"column":null}},"5":{"start":{"line":6,"column":15},"end":{"line":6,"column":null}},"6":{"start":{"line":7,"column":15},"end":{"line":7,"column":null}},"7":{"start":{"line":8,"column":2},"end":{"line":8,"column":null}},"8":{"start":{"line":8,"column":36},"end":{"line":8,"column":null}},"9":{"start":{"line":9,"column":2},"end":{"line":9,"column":null}},"10":{"start":{"line":13,"column":16},"end":{"line":13,"column":null}},"11":{"start":{"line":14,"column":2},"end":{"line":14,"column":null}},"12":{"start":{"line":14,"column":14},"end":{"line":14,"column":null}},"13":{"start":{"line":15,"column":16},"end":{"line":15,"column":null}},"14":{"start":{"line":16,"column":2},"end":{"line":16,"column":null}}},"fnMap":{"0":{"name":"requireAdmin","decl":{"start":{"line":4,"column":9},"end":{"line":4,"column":22}},"loc":{"start":{"line":4,"column":42},"end":{"line":10,"column":null}}},"1":{"name":"GET","decl":{"start":{"line":12,"column":22},"end":{"line":12,"column":26}},"loc":{"start":{"line":12,"column":46},"end":{"line":17,"column":null}}}},"branchMap":{"0":{"loc":{"start":{"line":6,"column":2},"end":{"line":6,"column":null}},"type":"if","locations":[{"start":{"line":6,"column":2},"end":{"line":6,"column":null}}]},"1":{"loc":{"start":{"line":8,"column":2},"end":{"line":8,"column":null}},"type":"if","locations":[{"start":{"line":8,"column":2},"end":{"line":8,"column":null}}]},"2":{"loc":{"start":{"line":8,"column":6},"end":{"line":8,"column":36}},"type":"binary-expr","locations":[{"start":{"line":8,"column":6},"end":{"line":8,"column":15}},{"start":{"line":8,"column":15},"end":{"line":8,"column":36}}]},"3":{"loc":{"start":{"line":14,"column":2},"end":{"line":14,"column":null}},"type":"if","locations":[{"start":{"line":14,"column":2},"end":{"line":14,"column":null}}]}},"s":{"0":0,"1":0,"2":0,"3":0,"4":0,"5":0,"6":0,"7":0,"8":0,"9":0,"10":0,"11":0,"12":0,"13":0,"14":0},"f":{"0":0,"1":0},"b":{"0":[0],"1":[0],"2":[0,0],"3":[0]}}
,"C:\\Users\\trinle\\git\\ha\\nextjs-app\\app\\api\\admin\\users\\[id]\\route.ts": {"path":"C:\\Users\\trinle\\git\\ha\\nextjs-app\\app\\api\\admin\\users\\[id]\\route.ts","statementMap":{"0":{"start":{"line":12,"column":22},"end":{"line":12,"column":26}},"1":{"start":{"line":1,"column":42},"end":{"line":1,"column":null}},"2":{"start":{"line":2,"column":45},"end":{"line":2,"column":null}},"3":{"start":{"line":5,"column":17},"end":{"line":5,"column":null}},"4":{"start":{"line":6,"column":2},"end":{"line":6,"column":null}},"5":{"start":{"line":6,"column":15},"end":{"line":6,"column":null}},"6":{"start":{"line":7,"column":15},"end":{"line":7,"column":null}},"7":{"start":{"line":8,"column":2},"end":{"line":8,"column":null}},"8":{"start":{"line":8,"column":36},"end":{"line":8,"column":null}},"9":{"start":{"line":9,"column":2},"end":{"line":9,"column":null}},"10":{"start":{"line":13,"column":16},"end":{"line":13,"column":null}},"11":{"start":{"line":14,"column":2},"end":{"line":14,"column":null}},"12":{"start":{"line":14,"column":14},"end":{"line":14,"column":null}},"13":{"start":{"line":15,"column":13},"end":{"line":15,"column":null}},"14":{"start":{"line":16,"column":2},"end":{"line":16,"column":null}},"15":{"start":{"line":16,"column":24},"end":{"line":16,"column":null}},"16":{"start":{"line":17,"column":2},"end":{"line":28,"column":null}},"17":{"start":{"line":18,"column":17},"end":{"line":18,"column":null}},"18":{"start":{"line":19,"column":4},"end":{"line":21,"column":null}},"19":{"start":{"line":20,"column":6},"end":{"line":20,"column":null}},"20":{"start":{"line":22,"column":4},"end":{"line":22,"column":null}},"21":{"start":{"line":23,"column":20},"end":{"line":23,"column":null}},"22":{"start":{"line":24,"column":4},"end":{"line":24,"column":null}},"23":{"start":{"line":26,"column":4},"end":{"line":26,"column":null}},"24":{"start":{"line":27,"column":4},"end":{"line":27,"column":null}}},"fnMap":{"0":{"name":"requireAdmin","decl":{"start":{"line":4,"column":9},"end":{"line":4,"column":22}},"loc":{"start":{"line":4,"column":42},"end":{"line":10,"column":null}}},"1":{"name":"PUT","decl":{"start":{"line":12,"column":22},"end":{"line":12,"column":26}},"loc":{"start":{"line":12,"column":86},"end":{"line":29,"column":null}}}},"branchMap":{"0":{"loc":{"start":{"line":6,"column":2},"end":{"line":6,"column":null}},"type":"if","locations":[{"start":{"line":6,"column":2},"end":{"line":6,"column":null}}]},"1":{"loc":{"start":{"line":8,"column":2},"end":{"line":8,"column":null}},"type":"if","locations":[{"start":{"line":8,"column":2},"end":{"line":8,"column":null}}]},"2":{"loc":{"start":{"line":8,"column":6},"end":{"line":8,"column":36}},"type":"binary-expr","locations":[{"start":{"line":8,"column":6},"end":{"line":8,"column":15}},{"start":{"line":8,"column":15},"end":{"line":8,"column":36}}]},"3":{"loc":{"start":{"line":14,"column":2},"end":{"line":14,"column":null}},"type":"if","locations":[{"start":{"line":14,"column":2},"end":{"line":14,"column":null}}]},"4":{"loc":{"start":{"line":16,"column":2},"end":{"line":16,"column":null}},"type":"if","locations":[{"start":{"line":16,"column":2},"end":{"line":16,"column":null}}]},"5":{"loc":{"start":{"line":19,"column":4},"end":{"line":21,"column":null}},"type":"if","locations":[{"start":{"line":19,"column":4},"end":{"line":21,"column":null}}]}},"s":{"0":0,"1":0,"2":0,"3":0,"4":0,"5":0,"6":0,"7":0,"8":0,"9":0,"10":0,"11":0,"12":0,"13":0,"14":0,"15":0,"16":0,"17":0,"18":0,"19":0,"20":0,"21":0,"22":0,"23":0,"24":0},"f":{"0":0,"1":0},"b":{"0":[0],"1":[0],"2":[0,0],"3":[0],"4":[0],"5":[0]}}
,"C:\\Users\\trinle\\git\\ha\\nextjs-app\\app\\api\\auth\\guest\\route.ts": {"path":"C:\\Users\\trinle\\git\\ha\\nextjs-app\\app\\api\\auth\\guest\\route.ts","statementMap":{"0":{"start":{"line":5,"column":22},"end":{"line":5,"column":27}},"1":{"start":{"line":1,"column":42},"end":{"line":1,"column":null}},"2":{"start":{"line":2,"column":27},"end":{"line":2,"column":null}},"3":{"start":{"line":3,"column":38},"end":{"line":3,"column":null}},"4":{"start":{"line":6,"column":2},"end":{"line":35,"column":null}},"5":{"start":{"line":8,"column":21},"end":{"line":8,"column":null}},"6":{"start":{"line":11,"column":17},"end":{"line":11,"column":null}},"7":{"start":{"line":14,"column":21},"end":{"line":21,"column":null}},"8":{"start":{"line":24,"column":4},"end":{"line":29,"column":null}},"9":{"start":{"line":31,"column":4},"end":{"line":31,"column":null}},"10":{"start":{"line":33,"column":4},"end":{"line":33,"column":null}},"11":{"start":{"line":34,"column":4},"end":{"line":34,"column":null}}},"fnMap":{"0":{"name":"POST","decl":{"start":{"line":5,"column":22},"end":{"line":5,"column":27}},"loc":{"start":{"line":5,"column":47},"end":{"line":36,"column":null}}}},"branchMap":{},"s":{"0":0,"1":0,"2":0,"3":0,"4":0,"5":0,"6":0,"7":0,"8":0,"9":0,"10":0,"11":0},"f":{"0":0},"b":{}}
,"C:\\Users\\trinle\\git\\ha\\nextjs-app\\app\\api\\auth\\login\\route.ts": {"path":"C:\\Users\\trinle\\git\\ha\\nextjs-app\\app\\api\\auth\\login\\route.ts","statementMap":{"0":{"start":{"line":5,"column":22},"end":{"line":5,"column":27}},"1":{"start":{"line":1,"column":42},"end":{"line":1,"column":null}},"2":{"start":{"line":2,"column":51},"end":{"line":2,"column":null}},"3":{"start":{"line":3,"column":31},"end":{"line":3,"column":null}},"4":{"start":{"line":6,"column":2},"end":{"line":50,"column":null}},"5":{"start":{"line":7,"column":35},"end":{"line":7,"column":null}},"6":{"start":{"line":9,"column":4},"end":{"line":11,"column":null}},"7":{"start":{"line":10,"column":6},"end":{"line":10,"column":null}},"8":{"start":{"line":14,"column":17},"end":{"line":14,"column":null}},"9":{"start":{"line":15,"column":4},"end":{"line":17,"column":null}},"10":{"start":{"line":16,"column":6},"end":{"line":16,"column":null}},"11":{"start":{"line":20,"column":4},"end":{"line":22,"column":null}},"12":{"start":{"line":21,"column":6},"end":{"line":21,"column":null}},"13":{"start":{"line":25,"column":4},"end":{"line":25,"column":null}},"14":{"start":{"line":28,"column":21},"end":{"line":36,"column":null}},"15":{"start":{"line":39,"column":4},"end":{"line":44,"column":null}},"16":{"start":{"line":46,"column":4},"end":{"line":46,"column":null}},"17":{"start":{"line":48,"column":4},"end":{"line":48,"column":null}},"18":{"start":{"line":49,"column":4},"end":{"line":49,"column":null}}},"fnMap":{"0":{"name":"POST","decl":{"start":{"line":5,"column":22},"end":{"line":5,"column":27}},"loc":{"start":{"line":5,"column":47},"end":{"line":51,"column":null}}}},"branchMap":{"0":{"loc":{"start":{"line":9,"column":4},"end":{"line":11,"column":null}},"type":"if","locations":[{"start":{"line":9,"column":4},"end":{"line":11,"column":null}}]},"1":{"loc":{"start":{"line":9,"column":8},"end":{"line":9,"column":32}},"type":"binary-expr","locations":[{"start":{"line":9,"column":8},"end":{"line":9,"column":21}},{"start":{"line":9,"column":21},"end":{"line":9,"column":32}}]},"2":{"loc":{"start":{"line":15,"column":4},"end":{"line":17,"column":null}},"type":"if","locations":[{"start":{"line":15,"column":4},"end":{"line":17,"column":null}}]},"3":{"loc":{"start":{"line":20,"column":4},"end":{"line":22,"column":null}},"type":"if","locations":[{"start":{"line":20,"column":4},"end":{"line":22,"column":null}}]},"4":{"loc":{"start":{"line":20,"column":8},"end":{"line":20,"column":78}},"type":"binary-expr","locations":[{"start":{"line":20,"column":8},"end":{"line":20,"column":27}},{"start":{"line":20,"column":31},"end":{"line":20,"column":78}}]}},"s":{"0":0,"1":0,"2":0,"3":0,"4":0,"5":0,"6":0,"7":0,"8":0,"9":0,"10":0,"11":0,"12":0,"13":0,"14":0,"15":0,"16":0,"17":0,"18":0},"f":{"0":0},"b":{"0":[0],"1":[0,0],"2":[0],"3":[0],"4":[0,0]}}
,"C:\\Users\\trinle\\git\\ha\\nextjs-app\\app\\api\\auth\\logout\\route.ts": {"path":"C:\\Users\\trinle\\git\\ha\\nextjs-app\\app\\api\\auth\\logout\\route.ts","statementMap":{"0":{"start":{"line":3,"column":22},"end":{"line":3,"column":27}},"1":{"start":{"line":1,"column":42},"end":{"line":1,"column":null}},"2":{"start":{"line":4,"column":19},"end":{"line":4,"column":null}},"3":{"start":{"line":7,"column":2},"end":{"line":7,"column":null}},"4":{"start":{"line":9,"column":2},"end":{"line":9,"column":null}}},"fnMap":{"0":{"name":"POST","decl":{"start":{"line":3,"column":22},"end":{"line":3,"column":27}},"loc":{"start":{"line":3,"column":47},"end":{"line":10,"column":null}}}},"branchMap":{},"s":{"0":0,"1":0,"2":0,"3":0,"4":0},"f":{"0":0},"b":{}}
,"C:\\Users\\trinle\\git\\ha\\nextjs-app\\app\\api\\auth\\session\\route.ts": {"path":"C:\\Users\\trinle\\git\\ha\\nextjs-app\\app\\api\\auth\\session\\route.ts","statementMap":{"0":{"start":{"line":4,"column":22},"end":{"line":4,"column":26}},"1":{"start":{"line":1,"column":42},"end":{"line":1,"column":null}},"2":{"start":{"line":2,"column":28},"end":{"line":2,"column":null}},"3":{"start":{"line":5,"column":2},"end":{"line":30,"column":null}},"4":{"start":{"line":6,"column":19},"end":{"line":6,"column":null}},"5":{"start":{"line":8,"column":4},"end":{"line":10,"column":null}},"6":{"start":{"line":9,"column":6},"end":{"line":9,"column":null}},"7":{"start":{"line":12,"column":17},"end":{"line":12,"column":null}},"8":{"start":{"line":14,"column":4},"end":{"line":16,"column":null}},"9":{"start":{"line":15,"column":6},"end":{"line":15,"column":null}},"10":{"start":{"line":18,"column":4},"end":{"line":26,"column":null}},"11":{"start":{"line":28,"column":4},"end":{"line":28,"column":null}},"12":{"start":{"line":29,"column":4},"end":{"line":29,"column":null}}},"fnMap":{"0":{"name":"GET","decl":{"start":{"line":4,"column":22},"end":{"line":4,"column":26}},"loc":{"start":{"line":4,"column":46},"end":{"line":31,"column":null}}}},"branchMap":{"0":{"loc":{"start":{"line":8,"column":4},"end":{"line":10,"column":null}},"type":"if","locations":[{"start":{"line":8,"column":4},"end":{"line":10,"column":null}}]},"1":{"loc":{"start":{"line":14,"column":4},"end":{"line":16,"column":null}},"type":"if","locations":[{"start":{"line":14,"column":4},"end":{"line":16,"column":null}}]}},"s":{"0":0,"1":0,"2":0,"3":0,"4":0,"5":0,"6":0,"7":0,"8":0,"9":0,"10":0,"11":0,"12":0},"f":{"0":0},"b":{"0":[0],"1":[0]}}
,"C:\\Users\\trinle\\git\\ha\\nextjs-app\\app\\api\\auth\\signup\\route.ts": {"path":"C:\\Users\\trinle\\git\\ha\\nextjs-app\\app\\api\\auth\\signup\\route.ts","statementMap":{"0":{"start":{"line":5,"column":22},"end":{"line":5,"column":27}},"1":{"start":{"line":1,"column":42},"end":{"line":1,"column":null}},"2":{"start":{"line":2,"column":62},"end":{"line":2,"column":null}},"3":{"start":{"line":3,"column":29},"end":{"line":3,"column":null}},"4":{"start":{"line":6,"column":2},"end":{"line":63,"column":null}},"5":{"start":{"line":7,"column":42},"end":{"line":7,"column":null}},"6":{"start":{"line":10,"column":4},"end":{"line":12,"column":null}},"7":{"start":{"line":11,"column":6},"end":{"line":11,"column":null}},"8":{"start":{"line":14,"column":4},"end":{"line":16,"column":null}},"9":{"start":{"line":15,"column":6},"end":{"line":15,"column":null}},"10":{"start":{"line":18,"column":4},"end":{"line":20,"column":null}},"11":{"start":{"line":19,"column":6},"end":{"line":19,"column":null}},"12":{"start":{"line":23,"column":25},"end":{"line":23,"column":null}},"13":{"start":{"line":24,"column":4},"end":{"line":26,"column":null}},"14":{"start":{"line":25,"column":6},"end":{"line":25,"column":null}},"15":{"start":{"line":29,"column":4},"end":{"line":34,"column":null}},"16":{"start":{"line":30,"column":28},"end":{"line":30,"column":null}},"17":{"start":{"line":31,"column":6},"end":{"line":33,"column":null}},"18":{"start":{"line":32,"column":8},"end":{"line":32,"column":null}},"19":{"start":{"line":37,"column":25},"end":{"line":37,"column":null}},"20":{"start":{"line":38,"column":17},"end":{"line":38,"column":null}},"21":{"start":{"line":41,"column":21},"end":{"line":49,"column":null}},"22":{"start":{"line":52,"column":4},"end":{"line":57,"column":null}},"23":{"start":{"line":59,"column":4},"end":{"line":59,"column":null}},"24":{"start":{"line":61,"column":4},"end":{"line":61,"column":null}},"25":{"start":{"line":62,"column":4},"end":{"line":62,"column":null}}},"fnMap":{"0":{"name":"POST","decl":{"start":{"line":5,"column":22},"end":{"line":5,"column":27}},"loc":{"start":{"line":5,"column":47},"end":{"line":64,"column":null}}}},"branchMap":{"0":{"loc":{"start":{"line":10,"column":4},"end":{"line":12,"column":null}},"type":"if","locations":[{"start":{"line":10,"column":4},"end":{"line":12,"column":null}}]},"1":{"loc":{"start":{"line":10,"column":8},"end":{"line":10,"column":32}},"type":"binary-expr","locations":[{"start":{"line":10,"column":8},"end":{"line":10,"column":21}},{"start":{"line":10,"column":21},"end":{"line":10,"column":32}}]},"2":{"loc":{"start":{"line":14,"column":4},"end":{"line":16,"column":null}},"type":"if","locations":[{"start":{"line":14,"column":4},"end":{"line":16,"column":null}}]},"3":{"loc":{"start":{"line":18,"column":4},"end":{"line":20,"column":null}},"type":"if","locations":[{"start":{"line":18,"column":4},"end":{"line":20,"column":null}}]},"4":{"loc":{"start":{"line":24,"column":4},"end":{"line":26,"column":null}},"type":"if","locations":[{"start":{"line":24,"column":4},"end":{"line":26,"column":null}}]},"5":{"loc":{"start":{"line":29,"column":4},"end":{"line":34,"column":null}},"type":"if","locations":[{"start":{"line":29,"column":4},"end":{"line":34,"column":null}}]},"6":{"loc":{"start":{"line":31,"column":6},"end":{"line":33,"column":null}},"type":"if","locations":[{"start":{"line":31,"column":6},"end":{"line":33,"column":null}}]},"7":{"loc":{"start":{"line":38,"column":38},"end":{"line":38,"column":53}},"type":"binary-expr","locations":[{"start":{"line":38,"column":38},"end":{"line":38,"column":47}},{"start":{"line":38,"column":47},"end":{"line":38,"column":53}}]}},"s":{"0":0,"1":0,"2":0,"3":0,"4":0,"5":0,"6":0,"7":0,"8":0,"9":0,"10":0,"11":0,"12":0,"13":0,"14":0,"15":0,"16":0,"17":0,"18":0,"19":0,"20":0,"21":0,"22":0,"23":0,"24":0,"25":0},"f":{"0":0},"b":{"0":[0],"1":[0,0],"2":[0],"3":[0],"4":[0],"5":[0],"6":[0],"7":[0,0]}}
,"C:\\Users\\trinle\\git\\ha\\nextjs-app\\app\\api\\data\\all\\route.ts": {"path":"C:\\Users\\trinle\\git\\ha\\nextjs-app\\app\\api\\data\\all\\route.ts","statementMap":{"0":{"start":{"line":4,"column":22},"end":{"line":4,"column":26}},"1":{"start":{"line":1,"column":42},"end":{"line":1,"column":null}},"2":{"start":{"line":2,"column":33},"end":{"line":2,"column":null}},"3":{"start":{"line":5,"column":2},"end":{"line":30,"column":null}},"4":{"start":{"line":6,"column":19},"end":{"line":6,"column":null}},"5":{"start":{"line":8,"column":4},"end":{"line":10,"column":null}},"6":{"start":{"line":9,"column":6},"end":{"line":9,"column":null}},"7":{"start":{"line":12,"column":17},"end":{"line":12,"column":null}},"8":{"start":{"line":14,"column":22},"end":{"line":21,"column":null}},"9":{"start":{"line":14,"column":44},"end":{"line":21,"column":null}},"10":{"start":{"line":23,"column":4},"end":{"line":27,"column":null}},"11":{"start":{"line":29,"column":4},"end":{"line":29,"column":null}}},"fnMap":{"0":{"name":"GET","decl":{"start":{"line":4,"column":22},"end":{"line":4,"column":26}},"loc":{"start":{"line":4,"column":46},"end":{"line":31,"column":null}}},"1":{"name":"(anonymous_2)","decl":{"start":{"line":14,"column":31},"end":{"line":14,"column":32}},"loc":{"start":{"line":14,"column":44},"end":{"line":21,"column":null}}}},"branchMap":{"0":{"loc":{"start":{"line":8,"column":4},"end":{"line":10,"column":null}},"type":"if","locations":[{"start":{"line":8,"column":4},"end":{"line":10,"column":null}}]}},"s":{"0":0,"1":0,"2":0,"3":0,"4":0,"5":0,"6":0,"7":0,"8":0,"9":0,"10":0,"11":0},"f":{"0":0,"1":0},"b":{"0":[0]}}
,"C:\\Users\\trinle\\git\\ha\\nextjs-app\\app\\api\\data\\daily-totals\\route.ts": {"path":"C:\\Users\\trinle\\git\\ha\\nextjs-app\\app\\api\\data\\daily-totals\\route.ts","statementMap":{"0":{"start":{"line":4,"column":22},"end":{"line":4,"column":26}},"1":{"start":{"line":1,"column":42},"end":{"line":1,"column":null}},"2":{"start":{"line":2,"column":31},"end":{"line":2,"column":null}},"3":{"start":{"line":5,"column":2},"end":{"line":21,"column":null}},"4":{"start":{"line":6,"column":19},"end":{"line":6,"column":null}},"5":{"start":{"line":8,"column":4},"end":{"line":10,"column":null}},"6":{"start":{"line":9,"column":6},"end":{"line":9,"column":null}},"7":{"start":{"line":12,"column":24},"end":{"line":12,"column":null}},"8":{"start":{"line":14,"column":4},"end":{"line":18,"column":null}},"9":{"start":{"line":20,"column":4},"end":{"line":20,"column":null}}},"fnMap":{"0":{"name":"GET","decl":{"start":{"line":4,"column":22},"end":{"line":4,"column":26}},"loc":{"start":{"line":4,"column":46},"end":{"line":22,"column":null}}}},"branchMap":{"0":{"loc":{"start":{"line":8,"column":4},"end":{"line":10,"column":null}},"type":"if","locations":[{"start":{"line":8,"column":4},"end":{"line":10,"column":null}}]}},"s":{"0":0,"1":0,"2":0,"3":0,"4":0,"5":0,"6":0,"7":0,"8":0,"9":0},"f":{"0":0},"b":{"0":[0]}}
[...]
olumn":31}},"25":{"start":{"line":213,"column":16},"end":{"line":213,"column":31}},"26":{"start":{"line":1,"column":21},"end":{"line":1,"column":null}},"27":{"start":{"line":2,"column":17},"end":{"line":2,"column":null}},"28":{"start":{"line":4,"column":15},"end":{"line":4,"column":null}},"29":{"start":{"line":5,"column":35},"end":{"line":5,"column":null}},"30":{"start":{"line":8,"column":2},"end":{"line":12,"column":null}},"31":{"start":{"line":9,"column":4},"end":{"line":9,"column":null}},"32":{"start":{"line":10,"column":4},"end":{"line":10,"column":null}},"33":{"start":{"line":11,"column":4},"end":{"line":11,"column":null}},"34":{"start":{"line":13,"column":2},"end":{"line":13,"column":null}},"35":{"start":{"line":17,"column":2},"end":{"line":17,"column":null}},"36":{"start":{"line":17,"column":11},"end":{"line":17,"column":null}},"37":{"start":{"line":19,"column":2},"end":{"line":72,"column":null}},"38":{"start":{"line":75,"column":2},"end":{"line":83,"column":null}},"39":{"start":{"line":76,"column":20},"end":{"line":76,"column":null}},"40":{"start":{"line":77,"column":21},"end":{"line":77,"column":null}},"41":{"start":{"line":77,"column":41},"end":{"line":77,"column":null}},"42":{"start":{"line":78,"column":4},"end":{"line":80,"column":null}},"43":{"start":{"line":79,"column":6},"end":{"line":79,"column":null}},"44":{"start":{"line":82,"column":4},"end":{"line":82,"column":null}},"45":{"start":{"line":86,"column":2},"end":{"line":109,"column":null}},"46":{"start":{"line":174,"column":13},"end":{"line":174,"column":null}},"47":{"start":{"line":175,"column":17},"end":{"line":178,"column":null}},"48":{"start":{"line":180,"column":17},"end":{"line":180,"column":null}},"49":{"start":{"line":181,"column":2},"end":{"line":181,"column":null}},"50":{"start":{"line":185,"column":13},"end":{"line":185,"column":null}},"51":{"start":{"line":186,"column":2},"end":{"line":186,"column":null}},"52":{"start":{"line":190,"column":13},"end":{"line":190,"column":null}},"53":{"start":{"line":191,"column":2},"end":{"line":191,"column":null}},"54":{"start":{"line":195,"column":13},"end":{"line":195,"column":null}},"55":{"start":{"line":196,"column":2},"end":{"line":196,"column":null}},"56":{"start":{"line":200,"column":13},"end":{"line":200,"column":null}},"57":{"start":{"line":201,"column":2},"end":{"line":201,"column":null}},"58":{"start":{"line":205,"column":13},"end":{"line":205,"column":null}},"59":{"start":{"line":206,"column":2},"end":{"line":210,"column":null}},"60":{"start":{"line":214,"column":13},"end":{"line":214,"column":null}},"61":{"start":{"line":215,"column":2},"end":{"line":215,"column":null}},"62":{"start":{"line":219,"column":13},"end":{"line":219,"column":null}},"63":{"start":{"line":220,"column":17},"end":{"line":223,"column":null}},"64":{"start":{"line":225,"column":21},"end":{"line":238,"column":null}},"65":{"start":{"line":226,"column":4},"end":{"line":237,"column":null}},"66":{"start":{"line":227,"column":6},"end":{"line":235,"column":null}},"67":{"start":{"line":240,"column":2},"end":{"line":240,"column":null}},"68":{"start":{"line":244,"column":13},"end":{"line":244,"column":null}},"69":{"start":{"line":245,"column":2},"end":{"line":254,"column":null}},"70":{"start":{"line":258,"column":13},"end":{"line":258,"column":null}},"71":{"start":{"line":259,"column":15},"end":{"line":268,"column":null}},"72":{"start":{"line":270,"column":41},"end":{"line":270,"column":null}},"73":{"start":{"line":271,"column":2},"end":{"line":273,"column":null}},"74":{"start":{"line":272,"column":4},"end":{"line":272,"column":null}},"75":{"start":{"line":274,"column":2},"end":{"line":274,"column":null}},"76":{"start":{"line":278,"column":13},"end":{"line":278,"column":null}},"77":{"start":{"line":279,"column":2},"end":{"line":288,"column":null}},"78":{"start":{"line":292,"column":13},"end":{"line":292,"column":null}},"79":{"start":{"line":293,"column":2},"end":{"line":302,"column":null}},"80":{"start":{"line":306,"column":13},"end":{"line":306,"column":null}},"81":{"start":{"line":307,"column":2},"end":{"line":307,"column":null}},"82":{"start":{"line":312,"column":13},"end":{"line":312,"column":null}},"83":{"start":{"line":313,"column":17},"end":{"line":316,"column":null}},"84":{"start":{"line":318,"column":21},"end":{"line":331,"column":null}},"85":{"start":{"line":319,"column":4},"end":{"line":330,"column":null}},"86":{"start":{"line":320,"column":6},"end":{"line":328,"column":null}},"87":{"start":{"line":333,"column":2},"end":{"line":333,"column":null}},"88":{"start":{"line":337,"column":13},"end":{"line":337,"column":null}},"89":{"start":{"line":338,"column":2},"end":{"line":347,"column":null}},"90":{"start":{"line":351,"column":13},"end":{"line":351,"column":null}},"91":{"start":{"line":352,"column":15},"end":{"line":361,"column":null}},"92":{"start":{"line":363,"column":41},"end":{"line":363,"column":null}},"93":{"start":{"line":364,"column":2},"end":{"line":366,"column":null}},"94":{"start":{"line":365,"column":4},"end":{"line":365,"column":null}},"95":{"start":{"line":367,"column":2},"end":{"line":367,"column":null}},"96":{"start":{"line":371,"column":13},"end":{"line":371,"column":null}},"97":{"start":{"line":372,"column":2},"end":{"line":381,"column":null}},"98":{"start":{"line":385,"column":13},"end":{"line":385,"column":null}},"99":{"start":{"line":386,"column":2},"end":{"line":395,"column":null}},"100":{"start":{"line":399,"column":13},"end":{"line":399,"column":null}},"101":{"start":{"line":400,"column":2},"end":{"line":400,"column":null}},"102":{"start":{"line":405,"column":13},"end":{"line":405,"column":null}},"103":{"start":{"line":406,"column":2},"end":{"line":408,"column":null}},"104":{"start":{"line":407,"column":4},"end":{"line":407,"column":null}},"105":{"start":{"line":409,"column":2},"end":{"line":409,"column":null}},"106":{"start":{"line":413,"column":13},"end":{"line":413,"column":null}},"107":{"start":{"line":414,"column":2},"end":{"line":414,"column":null}},"108":{"start":{"line":418,"column":13},"end":{"line":418,"column":null}},"109":{"start":{"line":419,"column":17},"end":{"line":425,"column":null}},"110":{"start":{"line":427,"column":17},"end":{"line":441,"column":null}},"111":{"start":{"line":444,"column":2},"end":{"line":444,"column":null}},"112":{"start":{"line":451,"column":13},"end":{"line":451,"column":null}},"113":{"start":{"line":454,"column":18},"end":{"line":469,"column":null}},"114":{"start":{"line":470,"column":28},"end":{"line":470,"column":30}},"115":{"start":{"line":471,"column":24},"end":{"line":471,"column":26}},"116":{"start":{"line":472,"column":2},"end":{"line":478,"column":null}},"117":{"start":{"line":473,"column":4},"end":{"line":477,"column":null}},"118":{"start":{"line":474,"column":6},"end":{"line":474,"column":null}},"119":{"start":{"line":476,"column":6},"end":{"line":476,"column":null}},"120":{"start":{"line":479,"column":2},"end":{"line":479,"column":null}},"121":{"start":{"line":479,"column":28},"end":{"line":479,"column":null}},"122":{"start":{"line":481,"column":14},"end":{"line":481,"column":105}},"123":{"start":{"line":482,"column":2},"end":{"line":482,"column":null}},"124":{"start":{"line":483,"column":2},"end":{"line":483,"column":null}},"125":{"start":{"line":484,"column":2},"end":{"line":484,"column":null}},"126":{"start":{"line":488,"column":13},"end":{"line":488,"column":null}},"127":{"start":{"line":489,"column":2},"end":{"line":489,"column":null}},"128":{"start":{"line":494,"column":13},"end":{"line":494,"column":null}},"129":{"start":{"line":495,"column":16},"end":{"line":495,"column":null}},"130":{"start":{"line":496,"column":21},"end":{"line":496,"column":null}},"131":{"start":{"line":497,"column":21},"end":{"line":497,"column":null}},"132":{"start":{"line":498,"column":17},"end":{"line":498,"column":null}},"133":{"start":{"line":499,"column":14},"end":{"line":499,"column":null}},"134":{"start":{"line":500,"column":22},"end":{"line":500,"column":null}},"135":{"start":{"line":501,"column":21},"end":{"line":501,"column":null}},"136":{"start":{"line":503,"column":22},"end":{"line":505,"column":null}},"137":{"start":{"line":506,"column":22},"end":{"line":508,"column":null}},"138":{"start":{"line":510,"column":2},"end":{"line":520,"column":null}}},"fnMap":{"0":{"name":"getDb","decl":{"start":{"line":7,"column":16},"end":{"line":7,"column":21}},"loc":{"start":{"line":7,"column":16},"end":{"line":14,"column":null}}},"1":{"name":"initializeSchema","decl":{"start":{"line":16,"column":9},"end":{"line":16,"column":null}},"loc":{"start":{"line":16,"column":9},"end":{"line":110,"column":null}}},"2":{"name":"(anonymous_30)","decl":{"start":{"line":77,"column":34},"end":{"line":77,"column":35}},"loc":{"start":{"line":77,"column":41},"end":{"line":77,"column":null}}},"3":{"name":"createUser","decl":{"start":{"line":168,"column":16},"end":{"line":168,"column":26}},"loc":{"start":{"line":172,"column":21},"end":{"line":182,"column":null}}},"4":{"name":"getUserById","decl":{"start":{"line":184,"column":16},"end":{"line":184,"column":27}},"loc":{"start":{"line":184,"column":38},"end":{"line":187,"column":null}}},"5":{"name":"getUserByUsername","decl":{"start":{"line":189,"column":16},"end":{"line":189,"column":33}},"loc":{"start":{"line":189,"column":50},"end":{"line":192,"column":null}}},"6":{"name":"getUserByEmail","decl":{"start":{"line":194,"column":16},"end":{"line":194,"column":30}},"loc":{"start":{"line":194,"column":44},"end":{"line":197,"column":null}}},"7":{"name":"updateLastLogin","decl":{"start":{"line":199,"column":16},"end":{"line":199,"column":31}},"loc":{"start":{"line":199,"column":46},"end":{"line":202,"column":null}}},"8":{"name":"listUsers","decl":{"start":{"line":204,"column":16},"end":{"line":204,"column":25}},"loc":{"start":{"line":204,"column":16},"end":{"line":211,"column":null}}},"9":{"name":"updateUserAdmin","decl":{"start":{"line":213,"column":16},"end":{"line":213,"column":31}},"loc":{"start":{"line":213,"column":64},"end":{"line":216,"column":null}}},"10":{"name":"insertEnergyData","decl":{"start":{"line":218,"column":16},"end":{"line":218,"column":32}},"loc":{"start":{"line":218,"column":84},"end":{"line":241,"column":null}}},"11":{"name":"(anonymous_39)","decl":{"start":{"line":225,"column":36},"end":{"line":225,"column":37}},"loc":{"start":{"line":225,"column":37},"end":{"line":238,"column":null}}},"12":{"name":"getAllEnergyData","decl":{"start":{"line":243,"column":16},"end":{"line":243,"column":32}},"loc":{"start":{"line":243,"column":47},"end":{"line":255,"column":null}}},"13":{"name":"getDailyTotals","decl":{"start":{"line":257,"column":16},"end":{"line":257,"column":30}},"loc":{"start":{"line":257,"column":45},"end":{"line":275,"column":null}}},"14":{"name":"(anonymous_42)","decl":{"start":{"line":271,"column":15},"end":{"line":271,"column":16}},"loc":{"start":{"line":271,"column":16},"end":{"line":273,"column":null}}},"15":{"name":"getEnergyByDate","decl":{"start":{"line":277,"column":16},"end":{"line":277,"column":31}},"loc":{"start":{"line":277,"column":60},"end":{"line":289,"column":null}}},"16":{"name":"getEnergyByTimeRange","decl":{"start":{"line":291,"column":16},"end":{"line":291,"column":36}},"loc":{"start":{"line":291,"column":87},"end":{"line":303,"column":null}}},"17":{"name":"clearDatabase","decl":{"start":{"line":305,"column":16},"end":{"line":305,"column":29}},"loc":{"start":{"line":305,"column":44},"end":{"line":308,"column":null}}},"18":{"name":"insertGasData","decl":{"start":{"line":311,"column":16},"end":{"line":311,"column":29}},"loc":{"start":{"line":311,"column":78},"end":{"line":334,"column":null}}},"19":{"name":"(anonymous_47)","decl":{"start":{"line":318,"column":36},"end":{"line":318,"column":37}},"loc":{"start":{"line":318,"column":37},"end":{"line":331,"column":null}}},"20":{"name":"getAllGasData","decl":{"start":{"line":336,"column":16},"end":{"line":336,"column":29}},"loc":{"start":{"line":336,"column":44},"end":{"line":348,"column":null}}},"21":{"name":"getGasDailyTotals","decl":{"start":{"line":350,"column":16},"end":{"line":350,"column":33}},"loc":{"start":{"line":350,"column":48},"end":{"line":368,"column":null}}},"22":{"name":"(anonymous_50)","decl":{"start":{"line":364,"column":15},"end":{"line":364,"column":16}},"loc":{"start":{"line":364,"column":16},"end":{"line":366,"column":null}}},"23":{"name":"getGasByDate","decl":{"start":{"line":370,"column":16},"end":{"line":370,"column":28}},"loc":{"start":{"line":370,"column":57},"end":{"line":382,"column":null}}},"24":{"name":"getGasByTimeRange","decl":{"start":{"line":384,"column":16},"end":{"line":384,"column":33}},"loc":{"start":{"line":384,"column":84},"end":{"line":396,"column":null}}},"25":{"name":"clearGasData","decl":{"start":{"line":398,"column":16},"end":{"line":398,"column":28}},"loc":{"start":{"line":398,"column":43},"end":{"line":401,"column":null}}},"26":{"name":"listPowerPlans","decl":{"start":{"line":404,"column":16},"end":{"line":404,"column":30}},"loc":{"start":{"line":404,"column":58},"end":{"line":410,"column":null}}},"27":{"name":"getPowerPlanById","decl":{"start":{"line":412,"column":16},"end":{"line":412,"column":32}},"loc":{"start":{"line":412,"column":43},"end":{"line":415,"column":null}}},"28":{"name":"createPowerPlan","decl":{"start":{"line":417,"column":16},"end":{"line":417,"column":31}},"loc":{"start":{"line":417,"column":89},"end":{"line":445,"column":null}}},"29":{"name":"updatePowerPlan","decl":{"start":{"line":447,"column":16},"end":{"line":447,"column":31}},"loc":{"start":{"line":449,"column":70},"end":{"line":485,"column":null}}},"30":{"name":"deletePowerPlan","decl":{"start":{"line":487,"column":16},"end":{"line":487,"column":31}},"loc":{"start":{"line":487,"column":42},"end":{"line":490,"column":null}}},"31":{"name":"getAdminMetrics","decl":{"start":{"line":493,"column":16},"end":{"line":493,"column":31}},"loc":{"start":{"line":493,"column":16},"end":{"line":521,"column":null}}}},"branchMap":{"0":{"loc":{"start":{"line":8,"column":2},"end":{"line":12,"column":null}},"type":"if","locations":[{"start":{"line":8,"column":2},"end":{"line":12,"column":null}}]},"1":{"loc":{"start":{"line":17,"column":2},"end":{"line":17,"column":null}},"type":"if","locations":[{"start":{"line":17,"column":2},"end":{"line":17,"column":null}}]},"2":{"loc":{"start":{"line":78,"column":4},"end":{"line":80,"column":null}},"type":"if","locations":[{"start":{"line":78,"column":4},"end":{"line":80,"column":null}}]},"3":{"loc":{"start":{"line":172,"column":2},"end":{"line":172,"column":21}},"type":"default-arg","locations":[{"start":{"line":172,"column":20},"end":{"line":172,"column":21}}]},"4":{"loc":{"start":{"line":215,"column":63},"end":{"line":215,"column":80}},"type":"cond-expr","locations":[{"start":{"line":215,"column":73},"end":{"line":215,"column":77}},{"start":{"line":215,"column":77},"end":{"line":215,"column":80}}]},"5":{"loc":{"start":{"line":404,"column":31},"end":{"line":404,"column":58}},"type":"default-arg","locations":[{"start":{"line":404,"column":53},"end":{"line":404,"column":58}}]},"6":{"loc":{"start":{"line":406,"column":2},"end":{"line":408,"column":null}},"type":"if","locations":[{"start":{"line":406,"column":2},"end":{"line":408,"column":null}}]},"7":{"loc":{"start":{"line":430,"column":4},"end":{"line":430,"column":null}},"type":"binary-expr","locations":[{"start":{"line":430,"column":4},"end":{"line":430,"column":15}},{"start":{"line":430,"column":19},"end":{"line":430,"column":null}}]},"8":{"loc":{"start":{"line":431,"column":4},"end":{"line":431,"column":null}},"type":"binary-expr","locations":[{"start":{"line":431,"column":4},"end":{"line":431,"column":21}},{"start":{"line":431,"column":25},"end":{"line":431,"column":null}}]},"9":{"loc":{"start":{"line":432,"column":4},"end":{"line":432,"column":null}},"type":"binary-expr","locations":[{"start":{"line":432,"column":4},"end":{"line":432,"column":18}},{"start":{"line":432,"column":22},"end":{"line":432,"column":null}}]},"10":{"loc":{"start":{"line":433,"column":4},"end":{"line":433,"column":null}},"type":"binary-expr","locations":[{"start":{"line":433,"column":4},"end":{"line":433,"column":18}},{"start":{"line":433,"column":22},"end":{"line":433,"column":null}}]},"11":{"loc":{"start":{"line":434,"column":4},"end":{"line":434,"column":null}},"type":"binary-expr","locations":[{"start":{"line":434,"column":4},"end":{"line":434,"column":22}},{"start":{"line":434,"column":26},"end":{"line":434,"column":null}}]},"12":{"loc":{"start":{"line":435,"column":4},"end":{"line":435,"column":null}},"type":"binary-expr","locations":[{"start":{"line":435,"column":4},"end":{"line":435,"column":21}},{"start":{"line":435,"column":25},"end":{"line":435,"column":null}}]},"13":{"loc":{"start":{"line":436,"column":4},"end":{"line":436,"column":null}},"type":"binary-expr","locations":[{"start":{"line":436,"column":4},"end":{"line":436,"column":16}},{"start":{"line":436,"column":20},"end":{"line":436,"column":null}}]},"14":{"loc":{"start":{"line":437,"column":4},"end":{"line":437,"column":null}},"type":"binary-expr","locations":[{"start":{"line":437,"column":4},"end":{"line":437,"column":25}},{"start":{"line":437,"column":29},"end":{"line":437,"column":null}}]},"15":{"loc":{"start":{"line":438,"column":4},"end":{"line":438,"column":null}},"type":"binary-expr","locations":[{"start":{"line":438,"column":4},"end":{"line":438,"column":22}},{"start":{"line":438,"column":26},"end":{"line":438,"column":null}}]},"16":{"loc":{"start":{"line":439,"column":4},"end":{"line":439,"column":null}},"type":"binary-expr","locations":[{"start":{"line":439,"column":4},"end":{"line":439,"column":22}},{"start":{"line":439,"column":26},"end":{"line":439,"column":null}}]},"17":{"loc":{"start":{"line":440,"column":4},"end":{"line":440,"column":null}},"type":"binary-expr","locations":[{"start":{"line":440,"column":4},"end":{"line":440,"column":26}},{"start":{"line":440,"column":30},"end":{"line":440,"column":null}}]},"18":{"loc":{"start":{"line":441,"column":4},"end":{"line":441,"column":null}},"type":"binary-expr","locations":[{"start":{"line":441,"column":4},"end":{"line":441,"column":25}},{"start":{"line":441,"column":29},"end":{"line":441,"column":null}}]},"19":{"loc":{"start":{"line":473,"column":4},"end":{"line":477,"column":null}},"type":"if","locations":[{"start":{"line":473,"column":4},"end":{"line":477,"column":null}}]},"20":{"loc":{"start":{"line":479,"column":2},"end":{"line":479,"column":null}},"type":"if","locations":[{"start":{"line":479,"column":2},"end":{"line":479,"column":null}}]}},"s":{"0":0,"1":0,"2":1,"3":1,"4":1,"5":0,"6":0,"7":0,"8":0,"9":0,"10":0,"11":0,"12":0,"13":0,"14":0,"15":1,"16":0,"17":1,"18":1,"19":0,"20":0,"21":2,"22":0,"23":0,"24":1,"25":0,"26":1,"27":1,"28":1,"29":1,"30":12,"31":1,"32":1,"33":1,"34":12,"35":1,"36":0,"37":1,"38":1,"39":1,"40":1,"41":0,"42":1,"43":1,"44":0,"45":1,"46":1,"47":1,"48":1,"49":1,"50":2,"51":2,"52":1,"53":1,"54":0,"55":0,"56":0,"57":0,"58":0,"59":0,"60":0,"61":0,"62":0,"63":0,"64":0,"65":0,"66":0,"67":0,"68":0,"69":0,"70":0,"71":0,"72":0,"73":0,"74":0,"75":0,"76":0,"77":0,"78":0,"79":0,"80":0,"81":0,"82":0,"83":0,"84":0,"85":0,"86":0,"87":0,"88":0,"89":0,"90":0,"91":0,"92":0,"93":0,"94":0,"95":0,"96":0,"97":0,"98":0,"99":0,"100":0,"101":0,"102":2,"103":2,"104":1,"105":1,"106":3,"107":3,"108":1,"109":1,"110":1,"111":1,"112":1,"113":1,"114":1,"115":1,"116":1,"117":14,"118":1,"119":1,"120":1,"121":0,"122":1,"123":1,"124":1,"125":1,"126":1,"127":1,"128":0,"129":0,"130":0,"131":0,"132":0,"133":0,"134":0,"135":0,"136":0,"137":0,"138":0},"f":{"0":12,"1":1,"2":0,"3":1,"4":2,"5":1,"6":0,"7":0,"8":0,"9":0,"10":0,"11":0,"12":0,"13":0,"14":0,"15":0,"16":0,"17":0,"18":0,"19":0,"20":0,"21":0,"22":0,"23":0,"24":0,"25":0,"26":2,"27":3,"28":1,"29":1,"30":1,"31":0},"b":{"0":[1],"1":[0],"2":[1],"3":[0],"4":[0,0],"5":[0],"6":[1],"7":[1,0],"8":[1,0],"9":[1,0],"10":[1,1],"11":[1,1],"12":[1,0],"13":[1,0],"14":[1,0],"15":[1,1],"16":[1,1],"17":[1,1],"18":[1,1],"19":[1],"20":[0]}}
}
