TN:
SF:app\layout.tsx
FN:9,RootLayout
FNF:1
FNH:0
FNDA:0,RootLayout
DA:2,0
DA:4,0
DA:9,0
LF:3
LH:0
BRF:0
BRH:0
end_of_record
TN:
SF:app\page.tsx
FN:16,Home
FN:24,(anonymous_3)
FN:28,(anonymous_4)
FN:34,checkAuth
FN:49,loadData
FN:69,handleLogout
FN:80,(anonymous_8)
FN:113,(anonymous_9)
FN:116,(anonymous_10)
FN:119,(anonymous_11)
FNF:10
FNH:0
FNDA:0,Home
FNDA:0,(anonymous_3)
FNDA:0,(anonymous_4)
FNDA:0,checkAuth
FNDA:0,loadData
FNDA:0,handleLogout
FNDA:0,(anonymous_8)
FNDA:0,(anonymous_9)
FNDA:0,(anonymous_10)
FNDA:0,(anonymous_11)
DA:3,0
DA:4,0
DA:5,0
DA:6,0
DA:7,0
DA:16,0
DA:17,0
DA:18,0
DA:19,0
DA:20,0
DA:21,0
DA:22,0
DA:24,0
DA:25,0
DA:28,0
DA:29,0
DA:30,0
DA:35,0
DA:36,0
DA:37,0
DA:39,0
DA:40,0
DA:43,0
DA:45,0
DA:50,0
DA:51,0
DA:52,0
DA:54,0
DA:55,0
DA:57,0
DA:58,0
DA:60,0
DA:61,0
DA:63,0
DA:65,0
DA:70,0
DA:71,0
DA:72,0
DA:73,0
DA:74,0
DA:76,0
DA:80,0
DA:81,0
DA:85,0
DA:93,0
DA:113,0
DA:116,0
DA:119,0
LF:48
LH:0
BRDA:29,0,0,0
BRDA:39,1,0,0
BRDA:60,2,0,0
BRDA:60,2,1,0
BRDA:61,3,0,0
BRDA:61,3,1,0
BRDA:85,4,0,0
BRDA:93,5,0,0
BRDA:104,6,0,0
BRDA:104,6,1,0
BRDA:113,7,0,0
BRDA:113,7,1,0
BRDA:116,8,0,0
BRDA:116,8,1,0
BRDA:119,9,0,0
BRDA:119,9,1,0
BRDA:125,10,0,0
BRDA:128,11,0,0
BRDA:129,12,0,0
BRDA:130,13,0,0
BRDA:130,13,1,0
BRF:21
BRH:0
end_of_record
TN:
SF:app\admin\layout.tsx
FN:15,AdminLayout
FN:20,(anonymous_3)
FN:22,(anonymous_4)
FN:23,(anonymous_5)
FN:91,(anonymous_6)
FN:100,(anonymous_7)
FN:150,(anonymous_8)
FN:158,(anonymous_9)
FNF:8
FNH:0
FNDA:0,AdminLayout
FNDA:0,(anonymous_3)
FNDA:0,(anonymous_4)
FNDA:0,(anonymous_5)
FNDA:0,(anonymous_6)
FNDA:0,(anonymous_7)
FNDA:0,(anonymous_8)
FNDA:0,(anonymous_9)
DA:3,0
DA:4,0
DA:5,0
DA:15,0
DA:16,0
DA:17,0
DA:18,0
DA:20,0
DA:21,0
DA:22,0
DA:23,0
DA:27,0
DA:91,0
DA:101,0
DA:102,0
DA:150,0
DA:158,0
LF:17
LH:0
BRDA:23,0,0,0
BRDA:23,0,1,0
BRDA:77,1,0,0
BRDA:77,1,1,0
BRDA:107,2,0,0
BRDA:107,2,1,0
BRDA:122,3,0,0
BRDA:122,3,1,0
BRDA:126,4,0,0
BRDA:126,4,1,0
BRDA:127,5,0,0
BRDA:127,5,1,0
BRDA:149,6,0,0
BRDA:168,7,0,0
BRDA:168,7,1,0
BRF:15
BRH:0
end_of_record
TN:
SF:app\admin\page.tsx
FN:26,AdminDashboardPage
FN:32,(anonymous_3)
FN:33,init
FN:35,(anonymous_5)
FN:38,(anonymous_6)
FN:51,(anonymous_7)
FN:247,(anonymous_8)
FN:284,(anonymous_9)
FNF:8
FNH:0
FNDA:0,AdminDashboardPage
FNDA:0,(anonymous_3)
FNDA:0,init
FNDA:0,(anonymous_5)
FNDA:0,(anonymous_6)
FNDA:0,(anonymous_7)
FNDA:0,(anonymous_8)
FNDA:0,(anonymous_9)
DA:3,0
DA:4,0
DA:26,0
DA:27,0
DA:28,0
DA:29,0
DA:30,0
DA:32,0
DA:34,0
DA:35,0
DA:36,0
DA:37,0
DA:38,0
DA:39,0
DA:42,0
DA:43,0
DA:45,0
DA:48,0
DA:51,0
DA:53,0
DA:63,0
DA:73,0
DA:248,0
DA:285,0
LF:24
LH:0
BRDA:36,0,0,0
BRDA:36,0,1,0
BRDA:37,1,0,0
BRDA:37,2,0,0
BRDA:37,2,1,0
BRDA:51,3,0,0
BRDA:51,3,1,0
BRDA:53,4,0,0
BRDA:63,5,0,0
BRDA:73,6,0,0
BRDA:91,7,0,0
BRDA:99,8,0,0
BRDA:99,8,1,0
BRDA:101,9,0,0
BRDA:101,9,1,0
BRDA:102,10,0,0
BRDA:102,10,1,0
BRDA:122,11,0,0
BRDA:122,11,1,0
BRDA:124,12,0,0
BRDA:124,12,1,0
BRDA:145,13,0,0
BRDA:145,13,1,0
BRDA:165,14,0,0
BRDA:165,14,1,0
BRDA:246,15,0,0
BRDA:245,16,0,0
BRDA:245,16,1,0
BRDA:283,17,0,0
BRDA:282,18,0,0
BRDA:282,18,1,0
BRF:31
BRH:0
end_of_record
TN:
SF:app\admin\power-plans\page.tsx
FN:31,PowerPlansAdminPage
FN:54,(anonymous_2)
FN:55,init
FN:57,(anonymous_4)
FN:59,(anonymous_5)
FN:71,(anonymous_6)
FN:73,createPlan
FN:86,(anonymous_8)
FN:108,updatePlan
FN:121,(anonymous_10)
FN:121,(anonymous_11)
FN:127,deletePlan
FN:135,(anonymous_13)
FN:135,(anonymous_14)
FN:158,(anonymous_15)
FN:164,(anonymous_16)
FN:170,(anonymous_17)
FN:178,(anonymous_18)
FN:188,(anonymous_19)
FN:196,(anonymous_20)
FN:204,(anonymous_21)
FN:212,(anonymous_22)
FN:218,(anonymous_23)
FN:226,(anonymous_24)
FN:236,(anonymous_25)
FN:244,(anonymous_26)
FN:252,(anonymous_27)
FN:262,(anonymous_28)
FN:284,(anonymous_29)
FN:292,(anonymous_30)
FN:325,(anonymous_31)
FN:329,(anonymous_32)
FNF:32
FNH:0
FNDA:0,PowerPlansAdminPage
FNDA:0,(anonymous_2)
FNDA:0,init
FNDA:0,(anonymous_4)
FNDA:0,(anonymous_5)
FNDA:0,(anonymous_6)
FNDA:0,createPlan
FNDA:0,(anonymous_8)
FNDA:0,updatePlan
FNDA:0,(anonymous_10)
FNDA:0,(anonymous_11)
FNDA:0,deletePlan
FNDA:0,(anonymous_13)
FNDA:0,(anonymous_14)
FNDA:0,(anonymous_15)
FNDA:0,(anonymous_16)
FNDA:0,(anonymous_17)
FNDA:0,(anonymous_18)
FNDA:0,(anonymous_19)
FNDA:0,(anonymous_20)
FNDA:0,(anonymous_21)
FNDA:0,(anonymous_22)
FNDA:0,(anonymous_23)
FNDA:0,(anonymous_24)
FNDA:0,(anonymous_25)
FNDA:0,(anonymous_26)
FNDA:0,(anonymous_27)
FNDA:0,(anonymous_28)
FNDA:0,(anonymous_29)
FNDA:0,(anonymous_30)
FNDA:0,(anonymous_31)
FNDA:0,(anonymous_32)
DA:3,0
DA:31,0
DA:32,0
DA:33,0
DA:34,0
DA:35,0
DA:37,0
DA:54,0
DA:56,0
DA:57,0
DA:58,0
DA:59,0
DA:60,0
DA:62,0
DA:63,0
DA:65,0
DA:68,0
DA:71,0
DA:74,0
DA:75,0
DA:76,0
DA:81,0
DA:82,0
DA:83,0
DA:85,0
DA:86,0
DA:87,0
DA:104,0
DA:109,0
DA:110,0
DA:111,0
DA:116,0
DA:117,0
DA:118,0
DA:120,0
DA:121,0
DA:123,0
DA:128,0
DA:129,0
DA:130,0
DA:131,0
DA:132,0
DA:133,0
DA:135,0
DA:137,0
DA:158,0
DA:164,0
DA:170,0
DA:178,0
DA:188,0
DA:196,0
DA:204,0
DA:212,0
DA:218,0
DA:226,0
DA:236,0
DA:244,0
DA:253,0
DA:262,0
DA:285,0
DA:292,0
DA:325,0
DA:329,0
LF:63
LH:0
BRDA:58,0,0,0
BRDA:58,0,1,0
BRDA:60,1,0,0
BRDA:60,1,1,0
BRDA:71,2,0,0
BRDA:71,2,1,0
BRDA:81,3,0,0
BRDA:83,4,0,0
BRDA:83,4,1,0
BRDA:104,5,0,0
BRDA:104,5,1,0
BRDA:116,6,0,0
BRDA:118,7,0,0
BRDA:118,7,1,0
BRDA:121,8,0,0
BRDA:121,8,1,0
BRDA:123,9,0,0
BRDA:123,9,1,0
BRDA:131,10,0,0
BRDA:133,11,0,0
BRDA:133,11,1,0
BRDA:137,12,0,0
BRDA:137,12,1,0
BRDA:149,13,0,0
BRDA:170,14,0,0
BRDA:170,14,1,0
BRDA:178,15,0,0
BRDA:178,15,1,0
BRDA:187,16,0,0
BRDA:187,16,1,0
BRDA:188,17,0,0
BRDA:188,17,1,0
BRDA:195,18,0,0
BRDA:195,18,1,0
BRDA:196,19,0,0
BRDA:196,19,1,0
BRDA:203,20,0,0
BRDA:203,20,1,0
BRDA:204,21,0,0
BRDA:204,21,1,0
BRDA:211,22,0,0
BRDA:211,22,1,0
BRDA:212,23,0,0
BRDA:212,23,1,0
BRDA:218,24,0,0
BRDA:218,24,1,0
BRDA:226,25,0,0
BRDA:226,25,1,0
BRDA:235,26,0,0
BRDA:235,26,1,0
BRDA:236,27,0,0
BRDA:236,27,1,0
BRDA:243,28,0,0
BRDA:243,28,1,0
BRDA:244,29,0,0
BRDA:244,29,1,0
BRDA:251,30,0,0
BRDA:251,30,1,0
BRDA:253,31,0,0
BRDA:253,31,1,0
BRDA:261,32,0,0
BRDA:261,32,1,0
BRDA:262,33,0,0
BRDA:262,33,1,0
BRDA:292,34,0,0
BRDA:292,34,1,0
BRDA:297,35,0,0
BRDA:298,36,0,0
BRDA:298,36,1,0
BRDA:298,37,0,0
BRDA:298,37,1,0
BRDA:302,38,0,0
BRDA:302,38,1,0
BRDA:302,39,0,0
BRDA:302,39,1,0
BRDA:302,40,0,0
BRDA:302,40,1,0
BRDA:308,41,0,0
BRDA:308,42,0,0
BRDA:308,42,1,0
BRDA:310,43,0,0
BRDA:310,43,1,0
BRDA:310,44,0,0
BRDA:310,44,1,0
BRDA:314,45,0,0
BRDA:314,45,1,0
BRDA:314,46,0,0
BRDA:314,46,1,0
BRDA:315,47,0,0
BRDA:315,47,1,0
BRDA:325,48,0,0
BRDA:325,48,1,0
BRF:92
BRH:0
end_of_record
TN:
SF:app\admin\users\page.tsx
FN:23,AdminUsersPage
FN:29,(anonymous_2)
FN:30,init
FN:32,(anonymous_4)
FN:35,(anonymous_5)
FN:48,(anonymous_6)
FN:50,toggleAdmin
FN:63,(anonymous_8)
FN:63,(anonymous_9)
FN:91,(anonymous_10)
FN:101,(anonymous_11)
FNF:11
FNH:0
FNDA:0,AdminUsersPage
FNDA:0,(anonymous_2)
FNDA:0,init
FNDA:0,(anonymous_4)
FNDA:0,(anonymous_5)
FNDA:0,(anonymous_6)
FNDA:0,toggleAdmin
FNDA:0,(anonymous_8)
FNDA:0,(anonymous_9)
FNDA:0,(anonymous_10)
FNDA:0,(anonymous_11)
DA:3,0
DA:23,0
DA:24,0
DA:25,0
DA:26,0
DA:27,0
DA:29,0
DA:31,0
DA:32,0
DA:33,0
DA:34,0
DA:35,0
DA:36,0
DA:39,0
DA:40,0
DA:42,0
DA:45,0
DA:48,0
DA:51,0
DA:52,0
DA:53,0
DA:58,0
DA:59,0
DA:60,0
DA:62,0
DA:63,0
DA:65,0
DA:92,0
DA:101,0
LF:29
LH:0
BRDA:33,0,0,0
BRDA:33,0,1,0
BRDA:34,1,0,0
BRDA:34,2,0,0
BRDA:34,2,1,0
BRDA:36,3,0,0
BRDA:36,3,1,0
BRDA:48,4,0,0
BRDA:48,4,1,0
BRDA:56,5,0,0
BRDA:56,5,1,0
BRDA:58,6,0,0
BRDA:60,7,0,0
BRDA:60,7,1,0
BRDA:63,8,0,0
BRDA:63,8,1,0
BRDA:65,9,0,0
BRDA:65,9,1,0
BRDA:76,10,0,0
BRDA:95,11,0,0
BRDA:95,11,1,0
BRDA:96,12,0,0
BRDA:96,12,1,0
BRDA:97,13,0,0
BRDA:97,13,1,0
BRDA:102,14,0,0
BRDA:102,14,1,0
BRF:27
BRH:0
end_of_record
TN:
SF:app\api-docs\page.tsx
FN:860,ApiDocsPage
FN:861,(anonymous_3)
FNF:2
FNH:0
FNDA:0,ApiDocsPage
FNDA:0,(anonymous_3)
DA:3,0
DA:4,0
DA:5,0
DA:7,0
DA:860,0
DA:861,0
DA:862,0
LF:7
LH:0
BRF:0
BRH:0
end_of_record
TN:
SF:app\api\admin\bootstrap\route.ts
FN:4,POST
FNF:1
FNH:0
FNDA:0,POST
DA:1,0
DA:2,0
DA:4,0
DA:5,0
DA:6,0
DA:7,0
DA:8,0
DA:9,0
DA:11,0
DA:12,0
DA:13,0
DA:14,0
DA:17,0
DA:18,0
DA:19,0
LF:15
LH:0
BRDA:6,0,0,0
BRDA:9,1,0,0
BRDA:13,2,0,0
BRF:3
BRH:0
end_of_record
TN:
SF:app\api\admin\metrics\route.ts
FN:4,requireAdmin
FN:12,GET
FNF:2
FNH:0
FNDA:0,requireAdmin
FNDA:0,GET
DA:1,0
DA:2,0
DA:5,0
DA:6,0
DA:7,0
DA:8,0
DA:9,0
DA:12,0
DA:13,0
DA:14,0
DA:15,0
DA:16,0
LF:12
LH:0
BRDA:6,0,0,0
BRDA:8,1,0,0
BRDA:8,2,0,0
BRDA:8,2,1,0
BRDA:14,3,0,0
BRF:5
BRH:0
end_of_record
TN:
SF:app\api\admin\users\route.ts
FN:4,requireAdmin
FN:12,GET
FNF:2
FNH:0
FNDA:0,requireAdmin
FNDA:0,GET
DA:1,0
DA:2,0
DA:5,0
DA:6,0
DA:7,0
DA:8,0
DA:9,0
DA:12,0
DA:13,0
DA:14,0
DA:15,0
DA:16,0
LF:12
LH:0
BRDA:6,0,0,0
BRDA:8,1,0,0
BRDA:8,2,0,0
BRDA:8,2,1,0
BRDA:14,3,0,0
BRF:5
BRH:0
end_of_record
TN:
SF:app\api\admin\users\[id]\route.ts
FN:4,requireAdmin
FN:12,PUT
FNF:2
FNH:0
FNDA:0,requireAdmin
FNDA:0,PUT
DA:1,0
DA:2,0
DA:5,0
DA:6,0
DA:7,0
DA:8,0
DA:9,0
DA:12,0
DA:13,0
DA:14,0
DA:15,0
DA:16,0
DA:17,0
DA:18,0
DA:19,0
DA:20,0
DA:22,0
DA:23,0
DA:24,0
DA:26,0
DA:27,0
LF:21
LH:0
BRDA:6,0,0,0
BRDA:8,1,0,0
BRDA:8,2,0,0
BRDA:8,2,1,0
BRDA:14,3,0,0
BRDA:16,4,0,0
BRDA:19,5,0,0
BRF:7
BRH:0
end_of_record
TN:
SF:app\api\auth\guest\route.ts
FN:5,POST
FNF:1
FNH:0
FNDA:0,POST
DA:1,0
DA:2,0
DA:3,0
DA:5,0
DA:6,0
DA:8,0
DA:11,0
DA:14,0
DA:24,0
DA:31,0
DA:33,0
DA:34,0
LF:12
LH:0
BRF:0
BRH:0
end_of_record
TN:
SF:app\api\auth\login\route.ts
FN:5,POST
FNF:1
FNH:0
FNDA:0,POST
DA:1,0
DA:2,0
DA:3,0
DA:5,0
DA:6,0
DA:7,0
DA:9,0
DA:10,0
DA:14,0
DA:15,0
DA:16,0
DA:20,0
DA:21,0
DA:25,0
DA:28,0
DA:39,0
DA:46,0
DA:48,0
DA:49,0
LF:19
LH:0
BRDA:9,0,0,0
BRDA:9,1,0,0
BRDA:9,1,1,0
BRDA:15,2,0,0
BRDA:20,3,0,0
BRDA:20,4,0,0
BRDA:20,4,1,0
BRF:7
BRH:0
end_of_record
TN:
SF:app\api\auth\logout\route.ts
FN:3,POST
FNF:1
FNH:0
FNDA:0,POST
DA:1,0
DA:3,0
DA:4,0
DA:7,0
DA:9,0
LF:5
LH:0
BRF:0
BRH:0
end_of_record
TN:
SF:app\api\auth\session\route.ts
FN:4,GET
FNF:1
FNH:0
FNDA:0,GET
DA:1,0
DA:2,0
DA:4,0
DA:5,0
DA:6,0
DA:8,0
DA:9,0
DA:12,0
DA:14,0
DA:15,0
DA:18,0
DA:28,0
DA:29,0
LF:13
LH:0
BRDA:8,0,0,0
BRDA:14,1,0,0
BRF:2
BRH:0
end_of_record
TN:
SF:app\api\auth\signup\route.ts
FN:5,POST
FNF:1
FNH:0
FNDA:0,POST
DA:1,0
DA:2,0
DA:3,0
DA:5,0
DA:6,0
DA:7,0
DA:10,0
DA:11,0
DA:14,0
DA:15,0
DA:18,0
DA:19,0
DA:23,0
DA:24,0
DA:25,0
DA:29,0
DA:30,0
DA:31,0
DA:32,0
DA:37,0
DA:38,0
DA:41,0
DA:52,0
DA:59,0
DA:61,0
DA:62,0
LF:26
LH:0
BRDA:10,0,0,0
BRDA:10,1,0,0
BRDA:10,1,1,0
BRDA:14,2,0,0
BRDA:18,3,0,0
BRDA:24,4,0,0
BRDA:29,5,0,0
BRDA:31,6,0,0
BRDA:38,7,0,0
BRDA:38,7,1,0
BRF:10
BRH:0
end_of_record
TN:
SF:app\api\data\all\route.ts
FN:4,GET
FN:14,(anonymous_2)
FNF:2
FNH:0
FNDA:0,GET
FNDA:0,(anonymous_2)
DA:1,0
DA:2,0
DA:4,0
DA:5,0
DA:6,0
DA:8,0
DA:9,0
DA:12,0
DA:14,0
DA:23,0
DA:29,0
LF:11
LH:0
BRDA:8,0,0,0
BRF:1
BRH:0
end_of_record
TN:
SF:app\api\data\daily-totals\route.ts
FN:4,GET
FNF:1
FNH:0
FNDA:0,GET
DA:1,0
DA:2,0
DA:4,0
DA:5,0
DA:6,0
DA:8,0
DA:9,0
DA:12,0
DA:14,0
DA:20,0
LF:10
LH:0
BRDA:8,0,0,0
BRF:1
BRH:0
end_of_record
TN:
SF:app\api\docs\swagger.ts
FNF:0
FNH:0
DA:97,0
LF:1
LH:0
BRF:0
BRH:0
end_of_record
TN:
SF:app\api\gas\all\route.ts
FN:5,GET
FN:16,(anonymous_2)
FNF:2
FNH:0
FNDA:0,GET
FNDA:0,(anonymous_2)
DA:1,0
DA:2,0
DA:3,0
DA:5,0
DA:6,0
DA:7,0
DA:8,0
DA:10,0
DA:11,0
DA:14,0
DA:16,0
DA:25,0
DA:27,0
DA:28,0
LF:14
LH:0
BRDA:10,0,0,0
BRF:1
BRH:0
end_of_record
TN:
SF:app\api\gas\by-date\route.ts
FN:5,GET
FNF:1
FNH:0
FNDA:0,GET
DA:1,0
DA:2,0
DA:3,0
DA:5,0
DA:6,0
DA:7,0
DA:8,0
DA:10,0
DA:11,0
DA:14,0
DA:15,0
DA:17,0
DA:18,0
DA:21,0
DA:22,0
DA:24,0
DA:25,0
LF:17
LH:0
BRDA:10,0,0,0
BRDA:17,1,0,0
BRF:2
BRH:0
end_of_record
TN:
SF:app\api\gas\daily-totals\route.ts
FN:5,GET
FNF:1
FNH:0
FNDA:0,GET
DA:1,0
DA:2,0
DA:3,0
DA:5,0
DA:6,0
DA:7,0
DA:8,0
DA:10,0
DA:11,0
DA:14,0
DA:15,0
DA:17,0
DA:18,0
LF:13
LH:0
BRDA:10,0,0,0
BRF:1
BRH:0
end_of_record
TN:
SF:app\api\generate-persona\route.ts
FN:143,GET
FN:145,(anonymous_4)
FN:154,POST
FN:194,(anonymous_6)
FN:228,(anonymous_7)
FN:260,(anonymous_8)
FN:261,(anonymous_9)
FN:278,generatePersonaData
FN:360,generateGasData
FNF:9
FNH:0
FNDA:0,GET
FNDA:0,(anonymous_4)
FNDA:0,POST
FNDA:0,(anonymous_6)
FNDA:0,(anonymous_7)
FNDA:0,(anonymous_8)
FNDA:0,(anonymous_9)
FNDA:0,generatePersonaData
FNDA:0,generateGasData
DA:1,0
DA:2,0
DA:21,0
DA:143,0
DA:144,0
DA:145,0
DA:154,0
DA:155,0
DA:156,0
DA:158,0
DA:159,0
DA:162,0
DA:164,0
DA:165,0
DA:168,0
DA:169,0
DA:172,0
DA:173,0
DA:174,0
DA:175,0
DA:180,0
DA:189,0
DA:194,0
DA:195,0
DA:196,0
DA:209,0
DA:211,0
DA:212,0
DA:215,0
DA:216,0
DA:223,0
DA:228,0
DA:229,0
DA:230,0
DA:243,0
DA:244,0
DA:245,0
DA:248,0
DA:260,0
DA:261,0
DA:273,0
DA:274,0
DA:285,0
DA:286,0
DA:290,0
DA:292,0
DA:293,0
DA:295,0
DA:296,0
DA:297,0
DA:298,0
DA:301,0
DA:302,0
DA:303,0
DA:304,0
DA:305,0
DA:306,0
DA:307,0
DA:308,0
DA:310,0
DA:313,0
DA:314,0
DA:316,0
DA:317,0
DA:318,0
DA:319,0
DA:321,0
DA:322,0
DA:325,0
DA:326,0
DA:327,0
DA:328,0
DA:329,0
DA:330,0
DA:332,0
DA:335,0
DA:336,0
DA:338,0
DA:340,0
DA:341,0
DA:343,0
DA:357,0
DA:361,0
DA:362,0
DA:371,0
DA:372,0
DA:373,0
DA:374,0
DA:375,0
DA:376,0
DA:377,0
DA:378,0
DA:379,0
DA:380,0
DA:381,0
DA:382,0
DA:383,0
DA:386,0
DA:387,0
DA:389,0
DA:390,0
DA:391,0
DA:394,0
DA:395,0
DA:396,0
DA:397,0
DA:400,0
DA:401,0
DA:402,0
DA:403,0
DA:404,0
DA:406,0
DA:409,0
DA:410,0
DA:412,0
DA:413,0
DA:414,0
DA:415,0
DA:417,0
DA:418,0
DA:422,0
DA:424,0
DA:425,0
DA:427,0
DA:428,0
DA:430,0
DA:431,0
DA:433,0
DA:435,0
DA:437,0
DA:440,0
DA:444,0
DA:445,0
DA:448,0
DA:449,0
DA:451,0
DA:453,0
DA:454,0
DA:456,0
DA:470,0
LF:140
LH:0
BRDA:158,0,0,0
BRDA:164,1,0,0
BRDA:164,2,0,0
BRDA:164,2,1,0
BRDA:172,3,0,0
BRDA:174,4,0,0
BRDA:183,5,0,0
BRDA:183,5,1,0
BRDA:184,6,0,0
BRDA:184,6,1,0
BRDA:185,7,0,0
BRDA:185,7,1,0
BRDA:215,8,0,0
BRDA:219,9,0,0
BRDA:219,9,1,0
BRDA:220,10,0,0
BRDA:220,10,1,0
BRDA:255,11,0,0
BRDA:255,11,1,0
BRDA:263,12,0,0
BRDA:263,12,1,0
BRDA:266,13,0,0
BRDA:266,13,1,0
BRDA:267,14,0,0
BRDA:267,14,1,0
BRDA:274,15,0,0
BRDA:274,15,1,0
BRDA:283,16,0,0
BRDA:290,17,0,0
BRDA:290,17,1,0
BRDA:297,18,0,0
BRDA:297,18,1,0
BRDA:298,19,0,0
BRDA:298,19,1,0
BRDA:303,20,0,0
BRDA:303,20,1,0
BRDA:303,21,0,0
BRDA:303,21,1,0
BRDA:305,22,0,0
BRDA:305,22,1,0
BRDA:305,23,0,0
BRDA:305,23,1,0
BRDA:307,24,0,0
BRDA:307,24,1,0
BRDA:307,25,0,0
BRDA:307,25,1,0
BRDA:325,26,0,0
BRDA:325,26,1,0
BRDA:325,27,0,0
BRDA:325,27,1,0
BRDA:327,28,0,0
BRDA:327,28,1,0
BRDA:327,29,0,0
BRDA:327,29,1,0
BRDA:329,30,0,0
BRDA:329,30,1,0
BRDA:329,31,0,0
BRDA:329,31,1,0
BRDA:341,32,0,0
BRDA:341,32,1,0
BRDA:341,33,0,0
BRDA:341,33,1,0
BRDA:347,34,0,0
BRDA:347,34,1,0
BRDA:372,35,0,0
BRDA:372,35,1,0
BRDA:374,36,0,0
BRDA:374,36,1,0
BRDA:376,37,0,0
BRDA:376,37,1,0
BRDA:378,38,0,0
BRDA:378,38,1,0
BRDA:380,39,0,0
BRDA:380,39,1,0
BRDA:382,40,0,0
BRDA:391,41,0,0
BRDA:391,41,1,0
BRDA:396,42,0,0
BRDA:396,42,1,0
BRDA:396,43,0,0
BRDA:396,43,1,0
BRDA:401,44,0,0
BRDA:401,44,1,0
BRDA:401,45,0,0
BRDA:401,45,1,0
BRDA:403,46,0,0
BRDA:403,46,1,0
BRDA:403,47,0,0
BRDA:403,47,1,0
BRDA:422,48,0,0
BRDA:422,48,1,0
BRDA:422,49,0,0
BRDA:422,49,1,0
BRDA:425,50,0,0
BRDA:425,50,1,0
BRDA:425,51,0,0
BRDA:425,51,1,0
BRDA:428,52,0,0
BRDA:428,52,1,0
BRDA:428,53,0,0
BRDA:428,53,1,0
BRDA:430,54,0,0
BRDA:430,54,1,0
BRDA:430,55,0,0
BRDA:430,55,1,0
BRDA:435,56,0,0
BRDA:435,56,1,0
BRDA:435,57,0,0
BRDA:435,57,1,0
BRDA:444,58,0,0
BRDA:444,59,0,0
BRDA:444,59,1,0
BRDA:444,59,2,0
BRDA:454,60,0,0
BRDA:454,60,1,0
BRDA:454,61,0,0
BRDA:454,61,1,0
BRDA:460,62,0,0
BRDA:460,62,1,0
BRF:119
BRH:0
end_of_record
TN:
SF:app\api\import\route.ts
FN:9,POST
FN:69,(anonymous_2)
FN:73,(anonymous_3)
FN:90,(anonymous_4)
FN:93,(anonymous_5)
FN:175,parseDateTime
FNF:6
FNH:0
FNDA:0,POST
FNDA:0,(anonymous_2)
FNDA:0,(anonymous_3)
FNDA:0,(anonymous_4)
FNDA:0,(anonymous_5)
FNDA:0,parseDateTime
DA:1,0
DA:2,0
DA:3,0
DA:9,0
DA:10,0
DA:11,0
DA:13,0
DA:14,0
DA:17,0
DA:18,0
DA:19,0
DA:21,0
DA:22,0
DA:26,0
DA:27,0
DA:30,0
DA:31,0
DA:37,0
DA:38,0
DA:39,0
DA:40,0
DA:41,0
DA:42,0
DA:44,0
DA:45,0
DA:57,0
DA:58,0
DA:61,0
DA:64,0
DA:65,0
DA:69,0
DA:72,0
DA:73,0
DA:74,0
DA:75,0
DA:76,0
DA:78,0
DA:81,0
DA:86,0
DA:87,0
DA:88,0
DA:90,0
DA:91,0
DA:94,0
DA:96,0
DA:97,0
DA:98,0
DA:99,0
DA:102,0
DA:103,0
DA:107,0
DA:108,0
DA:109,0
DA:114,0
DA:115,0
DA:125,0
DA:126,0
DA:131,0
DA:132,0
DA:134,0
DA:135,0
DA:136,0
DA:137,0
DA:141,0
DA:151,0
DA:156,0
DA:158,0
DA:170,0
DA:171,0
DA:176,0
DA:177,0
DA:178,0
DA:179,0
LF:73
LH:0
BRDA:13,0,0,0
BRDA:21,1,0,0
BRDA:38,2,0,0
BRDA:44,3,0,0
BRDA:44,4,0,0
BRDA:44,4,1,0
BRDA:44,4,2,0
BRDA:57,5,0,0
BRDA:64,6,0,0
BRDA:75,7,0,0
BRDA:102,8,0,0
BRDA:107,9,0,0
BRDA:114,10,0,0
BRDA:114,11,0,0
BRDA:114,11,1,0
BRDA:131,12,0,0
BRDA:131,12,1,0
BRDA:136,13,0,0
BRDA:171,14,0,0
BRDA:171,14,1,0
BRF:20
BRH:0
end_of_record
TN:
SF:app\api\kwh\route.ts
FN:4,GET
FN:38,(anonymous_2)
FNF:2
FNH:0
FNDA:0,GET
FNDA:0,(anonymous_2)
DA:1,0
DA:2,0
DA:4,0
DA:5,0
DA:6,0
DA:8,0
DA:9,0
DA:12,0
DA:13,0
DA:15,0
DA:16,0
DA:19,0
DA:22,0
DA:23,0
DA:25,0
DA:27,0
DA:28,0
DA:38,0
DA:39,0
DA:40,0
DA:41,0
DA:44,0
DA:52,0
LF:23
LH:0
BRDA:8,0,0,0
BRDA:15,1,0,0
BRDA:27,2,0,0
BRDA:41,3,0,0
BRDA:41,3,1,0
BRF:5
BRH:0
end_of_record
TN:
SF:app\api\kwh\forecast\route.ts
FN:4,roundUpTo30Minutes
FN:20,GET
FN:48,(anonymous_3)
FN:68,(anonymous_4)
FNF:4
FNH:0
FNDA:0,roundUpTo30Minutes
FNDA:0,GET
FNDA:0,(anonymous_3)
FNDA:0,(anonymous_4)
DA:1,0
DA:2,0
DA:5,0
DA:6,0
DA:8,0
DA:9,0
DA:10,0
DA:11,0
DA:13,0
DA:14,0
DA:17,0
DA:20,0
DA:21,0
DA:22,0
DA:24,0
DA:25,0
DA:28,0
DA:29,0
DA:31,0
DA:32,0
DA:35,0
DA:36,0
DA:39,0
DA:42,0
DA:43,0
DA:44,0
DA:46,0
DA:48,0
DA:49,0
DA:50,0
DA:51,0
DA:55,0
DA:56,0
DA:68,0
DA:70,0
DA:80,0
LF:36
LH:0
BRDA:8,0,0,0
BRDA:8,0,1,0
BRDA:8,1,0,0
BRDA:8,1,1,0
BRDA:10,2,0,0
BRDA:10,2,1,0
BRDA:24,3,0,0
BRDA:31,4,0,0
BRDA:50,5,0,0
BRDA:50,6,0,0
BRDA:50,6,1,0
BRDA:50,6,2,0
BRDA:55,7,0,0
BRF:13
BRH:0
end_of_record
TN:
SF:app\api\kwh\forecast\date\[date]\route.ts
FN:4,roundUpTo30Minutes
FN:20,GET
FN:42,(anonymous_3)
FN:50,(anonymous_4)
FNF:4
FNH:0
FNDA:0,roundUpTo30Minutes
FNDA:0,GET
FNDA:0,(anonymous_3)
FNDA:0,(anonymous_4)
DA:1,0
DA:2,0
DA:5,0
DA:6,0
DA:8,0
DA:9,0
DA:10,0
DA:11,0
DA:13,0
DA:14,0
DA:17,0
DA:20,0
DA:21,0
DA:22,0
DA:24,0
DA:25,0
DA:28,0
DA:29,0
DA:30,0
DA:33,0
DA:36,0
DA:38,0
DA:39,0
DA:40,0
DA:42,0
DA:43,0
DA:44,0
DA:45,0
DA:49,0
DA:50,0
DA:51,0
DA:52,0
DA:54,0
DA:55,0
DA:57,0
DA:68,0
DA:76,0
LF:37
LH:0
BRDA:8,0,0,0
BRDA:8,0,1,0
BRDA:8,1,0,0
BRDA:8,1,1,0
BRDA:10,2,0,0
BRDA:10,2,1,0
BRDA:24,3,0,0
BRDA:44,4,0,0
BRDA:44,5,0,0
BRDA:44,5,1,0
BRDA:44,5,2,0
BRDA:49,6,0,0
BRF:12
BRH:0
end_of_record
TN:
SF:app\api\power-plans\route.ts
FN:4,requireAdmin
FN:12,GET
FN:20,POST
FNF:3
FNH:3
FNDA:3,requireAdmin
FNDA:2,GET
FNDA:3,POST
DA:1,1
DA:2,1
DA:5,3
DA:6,3
DA:7,3
DA:8,3
DA:9,2
DA:12,2
DA:13,2
DA:14,2
DA:15,2
DA:16,2
DA:17,2
DA:20,3
DA:22,3
DA:23,3
DA:24,1
DA:27,2
DA:28,2
DA:29,2
DA:30,1
DA:33,1
DA:50,1
DA:52,0
DA:53,0
LF:25
LH:23
BRDA:6,0,0,0
BRDA:8,1,0,1
BRDA:8,2,0,3
BRDA:8,2,1,2
BRDA:15,3,0,2
BRDA:15,3,1,1
BRDA:23,4,0,1
BRDA:29,5,0,1
BRDA:29,6,0,2
BRDA:29,6,1,2
BRDA:36,7,0,1
BRDA:36,7,1,0
BRDA:37,8,0,1
BRDA:37,8,1,0
BRDA:38,9,0,1
BRDA:38,9,1,0
BRDA:39,10,0,1
BRDA:39,10,1,1
BRDA:40,11,0,1
BRDA:40,11,1,1
BRDA:41,12,0,1
BRDA:41,12,1,0
BRDA:42,13,0,1
BRDA:42,13,1,0
BRDA:43,14,0,1
BRDA:43,14,1,1
BRDA:44,15,0,1
BRDA:44,15,1,1
BRDA:45,16,0,1
BRDA:45,16,1,1
BRDA:46,17,0,1
BRDA:46,17,1,1
BRDA:47,18,0,1
BRDA:47,18,1,1
BRF:34
BRH:28
end_of_record
TN:
SF:app\api\power-plans\[id]\route.ts
FN:4,requireAdmin
FN:12,GET
FN:20,PUT
FN:38,DELETE
FNF:4
FNH:0
FNDA:0,requireAdmin
FNDA:0,GET
FNDA:0,PUT
FNDA:0,DELETE
DA:1,0
DA:2,0
DA:5,0
DA:6,0
DA:7,0
DA:8,0
DA:9,0
DA:12,0
DA:13,0
DA:14,0
DA:15,0
DA:16,0
DA:17,0
DA:20,0
DA:21,0
DA:22,0
DA:23,0
DA:25,0
DA:26,0
DA:27,0
DA:28,0
DA:29,0
DA:30,0
DA:31,0
DA:33,0
DA:34,0
DA:38,0
DA:39,0
DA:40,0
DA:41,0
DA:43,0
DA:44,0
DA:45,0
DA:46,0
DA:47,0
DA:49,0
DA:50,0
LF:37
LH:0
BRDA:6,0,0,0
BRDA:8,1,0,0
BRDA:8,2,0,0
BRDA:8,2,1,0
BRDA:14,3,0,0
BRDA:16,4,0,0
BRDA:22,5,0,0
BRDA:26,6,0,0
BRDA:30,7,0,0
BRDA:40,8,0,0
BRDA:44,9,0,0
BRF:11
BRH:0
end_of_record
TN:
SF:components\AuthModal.tsx
FN:9,AuthModal
FN:17,(anonymous_3)
FN:46,(anonymous_4)
FN:76,(anonymous_5)
FN:79,(anonymous_6)
FN:90,(anonymous_7)
FN:104,(anonymous_8)
FN:116,(anonymous_9)
FNF:8
FNH:0
FNDA:0,AuthModal
FNDA:0,(anonymous_3)
FNDA:0,(anonymous_4)
FNDA:0,(anonymous_5)
FNDA:0,(anonymous_6)
FNDA:0,(anonymous_7)
FNDA:0,(anonymous_8)
FNDA:0,(anonymous_9)
DA:3,0
DA:9,0
DA:10,0
DA:11,0
DA:12,0
DA:13,0
DA:14,0
DA:15,0
DA:17,0
DA:18,0
DA:19,0
DA:20,0
DA:22,0
DA:23,0
DA:24,0
DA:26,0
DA:32,0
DA:34,0
DA:35,0
DA:37,0
DA:40,0
DA:42,0
DA:46,0
DA:47,0
DA:48,0
DA:50,0
DA:51,0
DA:55,0
DA:57,0
DA:58,0
DA:60,0
DA:63,0
DA:65,0
DA:76,0
DA:79,0
DA:90,0
DA:104,0
DA:116,0
LF:38
LH:0
BRDA:23,0,0,0
BRDA:23,0,1,0
BRDA:24,1,0,0
BRDA:24,1,1,0
BRDA:34,2,0,0
BRDA:34,2,1,0
BRDA:37,3,0,0
BRDA:37,3,1,0
BRDA:57,4,0,0
BRDA:57,4,1,0
BRDA:60,5,0,0
BRDA:60,5,1,0
BRDA:76,6,0,0
BRDA:76,6,1,0
BRDA:79,7,0,0
BRDA:79,7,1,0
BRDA:98,8,0,0
BRDA:124,9,0,0
BRDA:127,10,0,0
BRDA:127,10,1,0
BRDA:127,11,0,0
BRDA:127,11,1,0
BRF:22
BRH:0
end_of_record
TN:
SF:components\ChartsTab.tsx
FN:37,ChartsTab
FN:44,(anonymous_3)
FN:48,(anonymous_4)
FN:57,(anonymous_5)
FN:60,(anonymous_6)
FN:67,(anonymous_7)
FN:69,(anonymous_8)
FN:90,(anonymous_9)
FN:94,(anonymous_10)
FN:97,(anonymous_11)
FN:98,(anonymous_12)
FN:119,(anonymous_13)
FN:123,(anonymous_14)
FN:125,(anonymous_15)
FN:133,(anonymous_16)
FN:146,(anonymous_17)
FN:148,(anonymous_18)
FN:150,(anonymous_19)
FN:161,(anonymous_20)
FN:167,(anonymous_21)
FN:180,(anonymous_22)
FN:184,(anonymous_23)
FN:191,(anonymous_24)
FN:209,(anonymous_25)
FN:213,(anonymous_26)
FN:215,(anonymous_27)
FN:223,(anonymous_28)
FN:237,(anonymous_29)
FN:249,(anonymous_30)
FN:260,(anonymous_31)
FN:266,(anonymous_32)
FN:271,(anonymous_33)
FN:276,(anonymous_34)
FN:283,(anonymous_35)
FN:297,(anonymous_36)
FN:304,(anonymous_37)
FN:313,(anonymous_38)
FN:327,(anonymous_39)
FN:418,(anonymous_40)
FNF:39
FNH:0
FNDA:0,ChartsTab
FNDA:0,(anonymous_3)
FNDA:0,(anonymous_4)
FNDA:0,(anonymous_5)
FNDA:0,(anonymous_6)
FNDA:0,(anonymous_7)
FNDA:0,(anonymous_8)
FNDA:0,(anonymous_9)
FNDA:0,(anonymous_10)
FNDA:0,(anonymous_11)
FNDA:0,(anonymous_12)
FNDA:0,(anonymous_13)
FNDA:0,(anonymous_14)
FNDA:0,(anonymous_15)
FNDA:0,(anonymous_16)
FNDA:0,(anonymous_17)
FNDA:0,(anonymous_18)
FNDA:0,(anonymous_19)
FNDA:0,(anonymous_20)
FNDA:0,(anonymous_21)
FNDA:0,(anonymous_22)
FNDA:0,(anonymous_23)
FNDA:0,(anonymous_24)
FNDA:0,(anonymous_25)
FNDA:0,(anonymous_26)
FNDA:0,(anonymous_27)
FNDA:0,(anonymous_28)
FNDA:0,(anonymous_29)
FNDA:0,(anonymous_30)
FNDA:0,(anonymous_31)
FNDA:0,(anonymous_32)
FNDA:0,(anonymous_33)
FNDA:0,(anonymous_34)
FNDA:0,(anonymous_35)
FNDA:0,(anonymous_36)
FNDA:0,(anonymous_37)
FNDA:0,(anonymous_38)
FNDA:0,(anonymous_39)
FNDA:0,(anonymous_40)
DA:3,0
DA:15,0
DA:16,0
DA:17,0
DA:19,0
DA:37,0
DA:38,0
DA:39,0
DA:40,0
DA:41,0
DA:42,0
DA:44,0
DA:45,0
DA:48,0
DA:49,0
DA:50,0
DA:51,0
DA:52,0
DA:54,0
DA:57,0
DA:58,0
DA:60,0
DA:61,0
DA:62,0
DA:63,0
DA:66,0
DA:67,0
DA:69,0
DA:70,0
DA:71,0
DA:72,0
DA:75,0
DA:90,0
DA:91,0
DA:93,0
DA:94,0
DA:97,0
DA:98,0
DA:99,0
DA:100,0
DA:103,0
DA:119,0
DA:120,0
DA:122,0
DA:123,0
DA:125,0
DA:126,0
DA:127,0
DA:128,0
DA:132,0
DA:133,0
DA:146,0
DA:147,0
DA:148,0
DA:150,0
DA:151,0
DA:152,0
DA:153,0
DA:155,0
DA:156,0
DA:157,0
DA:161,0
DA:162,0
DA:163,0
DA:166,0
DA:167,0
DA:180,0
DA:181,0
DA:182,0
DA:184,0
DA:185,0
DA:186,0
DA:187,0
DA:188,0
DA:191,0
DA:192,0
DA:195,0
DA:209,0
DA:210,0
DA:212,0
DA:213,0
DA:215,0
DA:216,0
DA:217,0
DA:218,0
DA:222,0
DA:223,0
DA:236,0
DA:238,0
DA:239,0
DA:240,0
DA:241,0
DA:242,0
DA:248,0
DA:250,0
DA:251,0
DA:252,0
DA:253,0
DA:254,0
DA:260,0
DA:261,0
DA:262,0
DA:263,0
DA:266,0
DA:267,0
DA:268,0
DA:271,0
DA:272,0
DA:275,0
DA:276,0
DA:283,0
DA:296,0
DA:297,0
DA:304,0
DA:312,0
DA:313,0
DA:327,0
DA:328,0
DA:337,0
DA:345,0
DA:358,0
DA:418,0
LF:122
LH:0
BRDA:37,0,0,0
BRDA:52,1,0,0
BRDA:52,1,1,0
BRDA:63,2,0,0
BRDA:63,2,1,0
BRDA:93,3,0,0
BRDA:93,4,0,0
BRDA:93,4,1,0
BRDA:120,5,0,0
BRDA:127,6,0,0
BRDA:127,7,0,0
BRDA:127,7,1,0
BRDA:155,8,0,0
BRDA:155,9,0,0
BRDA:155,9,1,0
BRDA:163,10,0,0
BRDA:163,10,1,0
BRDA:192,11,0,0
BRDA:192,11,1,0
BRDA:210,12,0,0
BRDA:217,13,0,0
BRDA:217,14,0,0
BRDA:217,14,1,0
BRDA:238,15,0,0
BRDA:238,16,0,0
BRDA:238,16,1,0
BRDA:250,17,0,0
BRDA:250,18,0,0
BRDA:250,18,1,0
BRDA:283,19,0,0
BRDA:283,19,1,0
BRDA:304,20,0,0
BRDA:304,20,1,0
BRDA:337,21,0,0
BRDA:345,22,0,0
BRDA:358,23,0,0
BRDA:379,24,0,0
BRDA:386,25,0,0
BRDA:393,26,0,0
BRDA:393,26,1,0
BRDA:400,27,0,0
BRDA:442,28,0,0
BRF:42
BRH:0
end_of_record
TN:
SF:components\DataTab.tsx
FN:10,DataTab
FN:24,(anonymous_2)
FN:26,(anonymous_3)
FN:29,(anonymous_4)
FN:31,(anonymous_5)
FN:35,(anonymous_6)
FN:37,(anonymous_7)
FN:43,(anonymous_8)
FN:45,(anonymous_9)
FN:47,(anonymous_10)
FN:50,(anonymous_11)
FN:52,(anonymous_12)
FN:57,(anonymous_13)
FN:65,formatDateTime
FN:77,exportCSV
FN:81,(anonymous_16)
FN:90,(anonymous_17)
FN:141,(anonymous_18)
FN:146,(anonymous_19)
FN:147,(anonymous_20)
FN:166,(anonymous_21)
FN:182,(anonymous_22)
FN:185,(anonymous_23)
FN:188,(anonymous_24)
FN:193,(anonymous_25)
FNF:25
FNH:0
FNDA:0,DataTab
FNDA:0,(anonymous_2)
FNDA:0,(anonymous_3)
FNDA:0,(anonymous_4)
FNDA:0,(anonymous_5)
FNDA:0,(anonymous_6)
FNDA:0,(anonymous_7)
FNDA:0,(anonymous_8)
FNDA:0,(anonymous_9)
FNDA:0,(anonymous_10)
FNDA:0,(anonymous_11)
FNDA:0,(anonymous_12)
FNDA:0,(anonymous_13)
FNDA:0,formatDateTime
FNDA:0,exportCSV
FNDA:0,(anonymous_16)
FNDA:0,(anonymous_17)
FNDA:0,(anonymous_18)
FNDA:0,(anonymous_19)
FNDA:0,(anonymous_20)
FNDA:0,(anonymous_21)
FNDA:0,(anonymous_22)
FNDA:0,(anonymous_23)
FNDA:0,(anonymous_24)
FNDA:0,(anonymous_25)
DA:3,0
DA:10,0
DA:11,0
DA:12,0
DA:13,0
DA:15,0
DA:17,0
DA:18,0
DA:19,0
DA:20,0
DA:21,0
DA:24,0
DA:25,0
DA:26,0
DA:29,0
DA:30,0
DA:31,0
DA:35,0
DA:36,0
DA:37,0
DA:38,0
DA:40,0
DA:43,0
DA:44,0
DA:45,0
DA:46,0
DA:47,0
DA:49,0
DA:50,0
DA:51,0
DA:52,0
DA:54,0
DA:57,0
DA:58,0
DA:59,0
DA:60,0
DA:63,0
DA:66,0
DA:67,0
DA:78,0
DA:81,0
DA:82,0
DA:83,0
DA:84,0
DA:85,0
DA:87,0
DA:90,0
DA:92,0
DA:93,0
DA:94,0
DA:95,0
DA:96,0
DA:97,0
DA:142,0
DA:143,0
DA:146,0
DA:147,0
DA:167,0
DA:168,0
DA:182,0
DA:186,0
DA:187,0
DA:188,0
DA:193,0
LF:64
LH:0
BRDA:10,0,0,0
BRDA:20,1,0,0
BRDA:25,2,0,0
BRDA:30,3,0,0
BRDA:46,4,0,0
BRDA:46,4,1,0
BRDA:47,5,0,0
BRDA:47,5,1,0
BRDA:51,6,0,0
BRDA:51,6,1,0
BRDA:52,7,0,0
BRDA:52,7,1,0
BRDA:59,8,0,0
BRDA:59,8,1,0
BRDA:63,9,0,0
BRDA:63,9,1,0
BRDA:78,10,0,0
BRDA:78,10,1,0
BRDA:83,11,0,0
BRDA:84,12,0,0
BRDA:84,12,1,0
BRDA:119,13,0,0
BRDA:162,14,0,0
BRDA:167,15,0,0
BRDA:167,15,1,0
BRDA:173,16,0,0
BRDA:173,17,0,0
BRDA:173,17,1,0
BRDA:180,18,0,0
BRDA:180,18,1,0
BRDA:188,19,0,0
BRDA:188,19,1,0
BRF:32
BRH:0
end_of_record
TN:
SF:components\ForecastTab.tsx
FN:5,ForecastTab
FN:12,getSingleForecast
FN:30,getFullDayForecast
FN:48,exportForecastCSV
FN:56,(anonymous_5)
FN:64,(anonymous_6)
FN:80,(anonymous_7)
FN:114,(anonymous_8)
FN:138,(anonymous_9)
FNF:9
FNH:0
FNDA:0,ForecastTab
FNDA:0,getSingleForecast
FNDA:0,getFullDayForecast
FNDA:0,exportForecastCSV
FNDA:0,(anonymous_5)
FNDA:0,(anonymous_6)
FNDA:0,(anonymous_7)
FNDA:0,(anonymous_8)
FNDA:0,(anonymous_9)
DA:3,0
DA:5,0
DA:6,0
DA:7,0
DA:8,0
DA:9,0
DA:10,0
DA:13,0
DA:14,0
DA:15,0
DA:18,0
DA:19,0
DA:20,0
DA:21,0
DA:22,0
DA:24,0
DA:26,0
DA:31,0
DA:32,0
DA:33,0
DA:36,0
DA:37,0
DA:38,0
DA:39,0
DA:40,0
DA:42,0
DA:44,0
DA:49,0
DA:50,0
DA:51,0
DA:54,0
DA:56,0
DA:64,0
DA:67,0
DA:68,0
DA:69,0
DA:70,0
DA:71,0
DA:72,0
DA:80,0
DA:114,0
DA:139,0
LF:42
LH:0
BRDA:13,0,0,0
BRDA:31,1,0,0
BRDA:49,2,0,0
BRDA:49,3,0,0
BRDA:49,3,1,0
BRDA:85,4,0,0
BRDA:88,5,0,0
BRDA:122,6,0,0
BRF:8
BRH:0
end_of_record
TN:
SF:components\ImportTab.tsx
FN:20,ImportTab
FN:40,(anonymous_3)
FN:44,loadPersonas
FN:57,(anonymous_5)
FN:64,(anonymous_6)
FN:117,(anonymous_7)
FN:152,(anonymous_8)
FN:189,(anonymous_9)
FN:199,(anonymous_10)
FN:207,(anonymous_11)
FN:219,(anonymous_12)
FN:235,(anonymous_13)
FN:252,(anonymous_14)
FN:269,(anonymous_15)
FN:324,(anonymous_16)
FNF:15
FNH:0
FNDA:0,ImportTab
FNDA:0,(anonymous_3)
FNDA:0,loadPersonas
FNDA:0,(anonymous_5)
FNDA:0,(anonymous_6)
FNDA:0,(anonymous_7)
FNDA:0,(anonymous_8)
FNDA:0,(anonymous_9)
FNDA:0,(anonymous_10)
FNDA:0,(anonymous_11)
FNDA:0,(anonymous_12)
FNDA:0,(anonymous_13)
FNDA:0,(anonymous_14)
FNDA:0,(anonymous_15)
FNDA:0,(anonymous_16)
DA:3,0
DA:20,0
DA:21,0
DA:22,0
DA:23,0
DA:24,0
DA:32,0
DA:33,0
DA:34,0
DA:35,0
DA:36,0
DA:37,0
DA:38,0
DA:40,0
DA:41,0
DA:45,0
DA:46,0
DA:47,0
DA:48,0
DA:49,0
DA:50,0
DA:53,0
DA:57,0
DA:58,0
DA:59,0
DA:60,0
DA:64,0
DA:65,0
DA:66,0
DA:71,0
DA:74,0
DA:75,0
DA:77,0
DA:78,0
DA:79,0
DA:80,0
DA:82,0
DA:87,0
DA:89,0
DA:90,0
DA:96,0
DA:97,0
DA:98,0
DA:100,0
DA:107,0
DA:113,0
DA:117,0
DA:118,0
DA:119,0
DA:124,0
DA:127,0
DA:128,0
DA:130,0
DA:131,0
DA:143,0
DA:145,0
DA:146,0
DA:152,0
DA:154,0
DA:161,0
DA:167,0
DA:189,0
DA:200,0
DA:207,0
DA:219,0
DA:235,0
DA:252,0
DA:269,0
DA:324,0
LF:69
LH:0
BRDA:48,0,0,0
BRDA:48,0,1,0
BRDA:49,1,0,0
BRDA:49,2,0,0
BRDA:49,2,1,0
BRDA:58,3,0,0
BRDA:58,4,0,0
BRDA:58,4,1,0
BRDA:65,5,0,0
BRDA:89,6,0,0
BRDA:89,6,1,0
BRDA:98,7,0,0
BRDA:103,8,0,0
BRDA:103,8,1,0
BRDA:110,9,0,0
BRDA:110,9,1,0
BRDA:118,10,0,0
BRDA:145,11,0,0
BRDA:145,11,1,0
BRDA:157,12,0,0
BRDA:157,12,1,0
BRDA:164,13,0,0
BRDA:164,13,1,0
BRDA:205,14,0,0
BRDA:258,15,0,0
BRDA:258,15,1,0
BRDA:275,16,0,0
BRDA:275,16,1,0
BRDA:283,17,0,0
BRDA:283,17,1,0
BRDA:294,18,0,0
BRDA:294,18,1,0
BRDA:295,19,0,0
BRDA:295,19,1,0
BRDA:298,20,0,0
BRDA:298,20,1,0
BRDA:310,21,0,0
BRDA:330,22,0,0
BRDA:330,22,1,0
BRDA:336,23,0,0
BRDA:336,23,1,0
BRDA:337,24,0,0
BRDA:337,24,1,0
BRDA:341,25,0,0
BRDA:342,26,0,0
BRDA:342,26,1,0
BRDA:343,27,0,0
BRDA:343,27,1,0
BRDA:346,28,0,0
BRDA:352,29,0,0
BRDA:369,30,0,0
BRDA:369,30,1,0
BRF:52
BRH:0
end_of_record
TN:
SF:components\PlanSelector.tsx
FN:28,PlanSelector
FN:33,(anonymous_2)
FN:34,load
FN:59,(anonymous_4)
FN:63,(anonymous_5)
FN:70,(anonymous_6)
FNF:6
FNH:6
FNDA:11,PlanSelector
FNDA:6,(anonymous_2)
FNDA:6,load
FNDA:2,(anonymous_4)
FNDA:1,(anonymous_5)
FNDA:8,(anonymous_6)
DA:3,1
DA:28,6
DA:29,11
DA:30,11
DA:31,11
DA:33,11
DA:35,6
DA:36,6
DA:37,5
DA:38,5
DA:39,5
DA:41,1
DA:43,6
DA:46,6
DA:60,2
DA:61,2
DA:63,1
DA:64,1
DA:71,8
LF:19
LH:19
BRDA:37,0,0,0
BRDA:39,1,0,5
BRDA:39,1,1,0
BRDA:41,2,0,1
BRDA:41,2,1,0
BRDA:53,3,0,6
BRDA:55,4,0,1
BRDA:58,5,0,4
BRDA:58,5,1,2
BRDA:61,6,0,1
BRDA:61,6,1,1
BRDA:63,7,0,1
BRDA:63,7,1,0
BRF:13
BRH:9
end_of_record
TN:
SF:components\TariffCalculator.tsx
FN:103,TariffCalculator
FN:109,(anonymous_3)
FN:132,(anonymous_4)
FN:192,(anonymous_5)
FN:196,(anonymous_6)
FN:233,restoreSettings
FN:248,saveSettings
FN:259,timeToMinutes
FN:264,isPeakTime
FN:265,(anonymous_11)
FN:277,calculateCosts
FN:297,calculateCosts2
FN:317,calculateCostsForTariff
FN:335,(anonymous_15)
FN:363,(anonymous_16)
FN:396,(anonymous_17)
FN:451,updateDaySchedule
FN:452,(anonymous_19)
FN:458,updateDaySchedule2
FN:459,(anonymous_21)
FN:465,addPeakPeriod
FN:471,(anonymous_23)
FN:480,addPeakPeriod2
FN:486,(anonymous_25)
FN:495,removePeakPeriod
FN:496,(anonymous_27)
FN:500,(anonymous_28)
FN:505,removePeakPeriod2
FN:506,(anonymous_30)
FN:510,(anonymous_31)
FN:515,updatePeakPeriod
FN:516,(anonymous_33)
FN:520,(anonymous_34)
FN:525,updatePeakPeriod2
FN:526,(anonymous_36)
FN:530,(anonymous_37)
FN:535,copyScheduleToAll
FN:538,(anonymous_39)
FN:541,(anonymous_40)
FN:547,copyScheduleToAll2
FN:550,(anonymous_42)
FN:553,(anonymous_43)
FN:560,updateGasDaySchedule
FN:561,(anonymous_45)
FN:567,addGasPeakPeriod
FN:573,(anonymous_47)
FN:582,removeGasPeakPeriod
FN:583,(anonymous_49)
FN:587,(anonymous_50)
FN:592,updateGasPeakPeriod
FN:593,(anonymous_52)
FN:597,(anonymous_53)
FN:602,copyGasScheduleToAll
FN:605,(anonymous_55)
FN:608,(anonymous_56)
FN:615,updateGasDaySchedule2
FN:616,(anonymous_58)
FN:622,addGasPeakPeriod2
FN:628,(anonymous_60)
FN:637,removeGasPeakPeriod2
FN:638,(anonymous_62)
FN:642,(anonymous_63)
FN:647,updateGasPeakPeriod2
FN:648,(anonymous_65)
FN:652,(anonymous_66)
FN:657,copyGasScheduleToAll2
FN:660,(anonymous_68)
FN:663,(anonymous_69)
FN:685,(anonymous_71)
FN:708,(anonymous_72)
FN:726,(anonymous_73)
FN:736,(anonymous_74)
FN:750,(anonymous_75)
FN:763,(anonymous_76)
FN:776,(anonymous_77)
FN:786,(anonymous_78)
FN:814,(anonymous_79)
FN:984,(anonymous_80)
FN:987,(anonymous_81)
FN:992,(anonymous_82)
FN:1017,(anonymous_83)
FN:1123,(anonymous_84)
FN:1166,(anonymous_85)
FNF:83
FNH:0
FNDA:0,TariffCalculator
FNDA:0,(anonymous_3)
FNDA:0,(anonymous_4)
FNDA:0,(anonymous_5)
FNDA:0,(anonymous_6)
FNDA:0,restoreSettings
FNDA:0,saveSettings
FNDA:0,timeToMinutes
FNDA:0,isPeakTime
FNDA:0,(anonymous_11)
FNDA:0,calculateCosts
FNDA:0,calculateCosts2
FNDA:0,calculateCostsForTariff
FNDA:0,(anonymous_15)
FNDA:0,(anonymous_16)
FNDA:0,(anonymous_17)
FNDA:0,updateDaySchedule
FNDA:0,(anonymous_19)
FNDA:0,updateDaySchedule2
FNDA:0,(anonymous_21)
FNDA:0,addPeakPeriod
FNDA:0,(anonymous_23)
FNDA:0,addPeakPeriod2
FNDA:0,(anonymous_25)
FNDA:0,removePeakPeriod
FNDA:0,(anonymous_27)
FNDA:0,(anonymous_28)
FNDA:0,removePeakPeriod2
FNDA:0,(anonymous_30)
FNDA:0,(anonymous_31)
FNDA:0,updatePeakPeriod
FNDA:0,(anonymous_33)
FNDA:0,(anonymous_34)
FNDA:0,updatePeakPeriod2
FNDA:0,(anonymous_36)
FNDA:0,(anonymous_37)
FNDA:0,copyScheduleToAll
FNDA:0,(anonymous_39)
FNDA:0,(anonymous_40)
FNDA:0,copyScheduleToAll2
FNDA:0,(anonymous_42)
FNDA:0,(anonymous_43)
FNDA:0,updateGasDaySchedule
FNDA:0,(anonymous_45)
FNDA:0,addGasPeakPeriod
FNDA:0,(anonymous_47)
FNDA:0,removeGasPeakPeriod
FNDA:0,(anonymous_49)
FNDA:0,(anonymous_50)
FNDA:0,updateGasPeakPeriod
FNDA:0,(anonymous_52)
FNDA:0,(anonymous_53)
FNDA:0,copyGasScheduleToAll
FNDA:0,(anonymous_55)
FNDA:0,(anonymous_56)
FNDA:0,updateGasDaySchedule2
FNDA:0,(anonymous_58)
FNDA:0,addGasPeakPeriod2
FNDA:0,(anonymous_60)
FNDA:0,removeGasPeakPeriod2
FNDA:0,(anonymous_62)
FNDA:0,(anonymous_63)
FNDA:0,updateGasPeakPeriod2
FNDA:0,(anonymous_65)
FNDA:0,(anonymous_66)
FNDA:0,copyGasScheduleToAll2
FNDA:0,(anonymous_68)
FNDA:0,(anonymous_69)
FNDA:0,(anonymous_71)
FNDA:0,(anonymous_72)
FNDA:0,(anonymous_73)
FNDA:0,(anonymous_74)
FNDA:0,(anonymous_75)
FNDA:0,(anonymous_76)
FNDA:0,(anonymous_77)
FNDA:0,(anonymous_78)
FNDA:0,(anonymous_79)
FNDA:0,(anonymous_80)
FNDA:0,(anonymous_81)
FNDA:0,(anonymous_82)
FNDA:0,(anonymous_83)
FNDA:0,(anonymous_84)
FNDA:0,(anonymous_85)
DA:3,0
DA:4,0
DA:7,0
DA:48,0
DA:58,0
DA:103,0
DA:105,0
DA:106,0
DA:109,0
DA:110,0
DA:111,0
DA:112,0
DA:113,0
DA:115,0
DA:116,0
DA:118,0
DA:119,0
DA:120,0
DA:121,0
DA:122,0
DA:124,0
DA:125,0
DA:127,0
DA:132,0
DA:133,0
DA:134,0
DA:135,0
DA:136,0
DA:138,0
DA:139,0
DA:141,0
DA:142,0
DA:143,0
DA:144,0
DA:145,0
DA:147,0
DA:148,0
DA:150,0
DA:154,0
DA:155,0
DA:156,0
DA:159,0
DA:160,0
DA:161,0
DA:162,0
DA:163,0
DA:164,0
DA:165,0
DA:166,0
DA:167,0
DA:168,0
DA:169,0
DA:170,0
DA:171,0
DA:172,0
DA:173,0
DA:176,0
DA:177,0
DA:178,0
DA:179,0
DA:180,0
DA:181,0
DA:182,0
DA:183,0
DA:184,0
DA:185,0
DA:186,0
DA:187,0
DA:188,0
DA:189,0
DA:190,0
DA:192,0
DA:193,0
DA:196,0
DA:197,0
DA:198,0
DA:199,0
DA:200,0
DA:234,0
DA:235,0
DA:236,0
DA:237,0
DA:238,0
DA:239,0
DA:240,0
DA:241,0
DA:244,0
DA:249,0
DA:255,0
DA:256,0
DA:260,0
DA:261,0
DA:265,0
DA:266,0
DA:267,0
DA:269,0
DA:271,0
DA:273,0
DA:278,0
DA:280,0
DA:294,0
DA:298,0
DA:300,0
DA:314,0
DA:331,0
DA:334,0
DA:335,0
DA:336,0
DA:337,0
DA:338,0
DA:339,0
DA:342,0
DA:343,0
DA:344,0
DA:346,0
DA:347,0
DA:351,0
DA:352,0
DA:353,0
DA:354,0
DA:356,0
DA:361,0
DA:362,0
DA:363,0
DA:364,0
DA:365,0
DA:366,0
DA:367,0
DA:369,0
DA:370,0
DA:371,0
DA:373,0
DA:374,0
DA:377,0
DA:380,0
DA:381,0
DA:382,0
DA:383,0
DA:385,0
DA:391,0
DA:392,0
DA:394,0
DA:397,0
DA:398,0
DA:402,0
DA:404,0
DA:405,0
DA:406,0
DA:409,0
DA:410,0
DA:414,0
DA:415,0
DA:416,0
DA:418,0
DA:421,0
DA:423,0
DA:424,0
DA:427,0
DA:429,0
DA:430,0
DA:433,0
DA:434,0
DA:435,0
DA:436,0
DA:437,0
DA:438,0
DA:440,0
DA:441,0
DA:442,0
DA:443,0
DA:444,0
DA:445,0
DA:448,0
DA:452,0
DA:459,0
DA:466,0
DA:471,0
DA:481,0
DA:486,0
DA:496,0
DA:500,0
DA:506,0
DA:510,0
DA:516,0
DA:520,0
DA:526,0
DA:530,0
DA:536,0
DA:537,0
DA:538,0
DA:539,0
DA:541,0
DA:544,0
DA:548,0
DA:549,0
DA:550,0
DA:551,0
DA:553,0
DA:556,0
DA:561,0
DA:568,0
DA:573,0
DA:583,0
DA:587,0
DA:593,0
DA:597,0
DA:603,0
DA:604,0
DA:605,0
DA:606,0
DA:608,0
DA:611,0
DA:616,0
DA:623,0
DA:628,0
DA:638,0
DA:642,0
DA:648,0
DA:652,0
DA:658,0
DA:659,0
DA:660,0
DA:661,0
DA:663,0
DA:666,0
DA:686,0
DA:687,0
DA:708,0
DA:726,0
DA:736,0
DA:751,0
DA:763,0
DA:776,0
DA:786,0
DA:814,0
DA:984,0
DA:987,0
DA:992,0
DA:1018,0
DA:1019,0
DA:1020,0
DA:1026,0
DA:1029,0
DA:1032,0
DA:1035,0
DA:1036,0
DA:1037,0
DA:1038,0
DA:1039,0
DA:1040,0
DA:1041,0
DA:1042,0
DA:1043,0
DA:1045,0
DA:1046,0
DA:1048,0
DA:1049,0
DA:1050,0
DA:1051,0
DA:1124,0
DA:1125,0
DA:1126,0
DA:1131,0
DA:1135,0
DA:1136,0
DA:1137,0
DA:1138,0
DA:1139,0
DA:1140,0
DA:1142,0
DA:1144,0
DA:1167,0
DA:1168,0
DA:1169,0
DA:1170,0
DA:1171,0
LF:276
LH:0
BRDA:103,0,0,0
BRDA:110,1,0,0
BRDA:112,2,0,0
BRDA:112,2,1,0
BRDA:113,3,0,0
BRDA:115,4,0,0
BRDA:116,5,0,0
BRDA:118,6,0,0
BRDA:119,7,0,0
BRDA:121,8,0,0
BRDA:121,8,1,0
BRDA:122,9,0,0
BRDA:124,10,0,0
BRDA:125,11,0,0
BRDA:127,12,0,0
BRDA:133,13,0,0
BRDA:135,14,0,0
BRDA:135,14,1,0
BRDA:136,15,0,0
BRDA:138,16,0,0
BRDA:139,17,0,0
BRDA:141,18,0,0
BRDA:142,19,0,0
BRDA:144,20,0,0
BRDA:144,20,1,0
BRDA:145,21,0,0
BRDA:147,22,0,0
BRDA:148,23,0,0
BRDA:150,24,0,0
BRDA:197,25,0,0
BRDA:199,26,0,0
BRDA:236,27,0,0
BRDA:238,28,0,0
BRDA:238,28,1,0
BRDA:239,29,0,0
BRDA:239,29,1,0
BRDA:240,30,0,0
BRDA:240,30,1,0
BRDA:241,31,0,0
BRDA:241,31,1,0
BRDA:269,32,0,0
BRDA:271,33,0,0
BRDA:271,33,1,0
BRDA:273,34,0,0
BRDA:273,34,1,0
BRDA:278,35,0,0
BRDA:278,36,0,0
BRDA:278,36,1,0
BRDA:298,37,0,0
BRDA:298,38,0,0
BRDA:298,38,1,0
BRDA:331,39,0,0
BRDA:331,40,0,0
BRDA:331,40,1,0
BRDA:346,41,0,0
BRDA:351,42,0,0
BRDA:351,42,1,0
BRDA:353,43,0,0
BRDA:353,43,1,0
BRDA:362,44,0,0
BRDA:362,45,0,0
BRDA:362,45,1,0
BRDA:362,45,2,0
BRDA:373,46,0,0
BRDA:380,47,0,0
BRDA:380,47,1,0
BRDA:382,48,0,0
BRDA:382,48,1,0
BRDA:402,49,0,0
BRDA:402,49,1,0
BRDA:414,50,0,0
BRDA:414,50,1,0
BRDA:415,51,0,0
BRDA:415,51,1,0
BRDA:429,52,0,0
BRDA:520,53,0,0
BRDA:520,53,1,0
BRDA:530,54,0,0
BRDA:530,54,1,0
BRDA:597,55,0,0
BRDA:597,55,1,0
BRDA:652,56,0,0
BRDA:652,56,1,0
BRDA:733,57,0,0
BRDA:817,58,0,0
BRDA:817,58,1,0
BRDA:825,59,0,0
BRDA:825,59,1,0
BRDA:830,60,0,0
BRDA:980,61,0,0
BRDA:980,61,1,0
BRDA:990,62,0,0
BRDA:1000,63,0,0
BRDA:999,64,0,0
BRDA:999,64,1,0
BRDA:999,64,2,0
BRDA:1006,65,0,0
BRDA:1007,66,0,0
BRDA:1007,66,1,0
BRDA:1008,67,0,0
BRDA:1009,68,0,0
BRDA:1009,68,1,0
BRDA:1029,69,0,0
BRDA:1029,69,1,0
BRDA:1029,70,0,0
BRDA:1029,70,1,0
BRDA:1032,71,0,0
BRDA:1032,71,1,0
BRDA:1035,72,0,0
BRDA:1035,72,1,0
BRDA:1035,73,0,0
BRDA:1035,73,1,0
BRDA:1038,74,0,0
BRDA:1038,74,1,0
BRDA:1041,75,0,0
BRDA:1041,75,1,0
BRDA:1049,76,0,0
BRDA:1049,76,1,0
BRDA:1050,77,0,0
BRDA:1050,77,1,0
BRDA:1054,78,0,0
BRDA:1055,79,0,0
BRDA:1055,79,1,0
BRDA:1058,80,0,0
BRDA:1059,81,0,0
BRDA:1059,81,1,0
BRDA:1062,82,0,0
BRDA:1062,82,1,0
BRDA:1063,83,0,0
BRDA:1063,83,1,0
BRDA:1098,84,0,0
BRDA:1098,84,1,0
BRDA:1102,85,0,0
BRDA:1102,85,1,0
BRDA:1109,86,0,0
BRDA:1115,87,0,0
BRDA:1116,88,0,0
BRDA:1116,88,1,0
BRDA:1135,89,0,0
BRDA:1135,89,1,0
BRDA:1135,90,0,0
BRDA:1135,90,1,0
BRDA:1137,91,0,0
BRDA:1137,91,1,0
BRDA:1139,92,0,0
BRDA:1139,92,1,0
BRDA:1147,93,0,0
BRDA:1148,94,0,0
BRDA:1148,94,1,0
BRDA:1168,95,0,0
BRDA:1168,95,1,0
BRDA:1168,96,0,0
BRDA:1168,96,1,0
BRDA:1169,97,0,0
BRDA:1170,98,0,0
BRDA:1173,99,0,0
BRDA:1173,99,1,0
BRF:157
BRH:0
end_of_record
TN:
SF:components\TariffSettings.tsx
FN:45,(anonymous_2)
FN:69,(anonymous_3)
FN:78,(anonymous_4)
FN:100,(anonymous_5)
FN:113,(anonymous_6)
FN:135,(anonymous_7)
FN:148,(anonymous_8)
FN:161,(anonymous_9)
FN:170,(anonymous_10)
FN:217,(anonymous_11)
FN:226,(anonymous_12)
FN:248,(anonymous_13)
FN:261,(anonymous_14)
FN:283,(anonymous_15)
FN:296,(anonymous_16)
FN:309,(anonymous_17)
FN:318,(anonymous_18)
FNF:17
FNH:0
FNDA:0,(anonymous_2)
FNDA:0,(anonymous_3)
FNDA:0,(anonymous_4)
FNDA:0,(anonymous_5)
FNDA:0,(anonymous_6)
FNDA:0,(anonymous_7)
FNDA:0,(anonymous_8)
FNDA:0,(anonymous_9)
FNDA:0,(anonymous_10)
FNDA:0,(anonymous_11)
FNDA:0,(anonymous_12)
FNDA:0,(anonymous_13)
FNDA:0,(anonymous_14)
FNDA:0,(anonymous_15)
FNDA:0,(anonymous_16)
FNDA:0,(anonymous_17)
FNDA:0,(anonymous_18)
DA:1,0
DA:45,0
DA:69,0
DA:78,0
DA:100,0
DA:113,0
DA:135,0
DA:148,0
DA:161,0
DA:170,0
DA:217,0
DA:226,0
DA:248,0
DA:261,0
DA:283,0
DA:296,0
DA:309,0
DA:318,0
DA:350,0
LF:19
LH:0
BRDA:87,0,0,0
BRDA:181,1,0,0
BRDA:181,1,1,0
BRDA:184,2,0,0
BRDA:184,2,1,0
BRDA:199,3,0,0
BRDA:235,4,0,0
BRDA:329,5,0,0
BRDA:329,5,1,0
BRDA:332,6,0,0
BRDA:332,6,1,0
BRF:11
BRH:0
end_of_record
TN:
SF:lib\auth.ts
FN:3,hashPassword
FN:11,verifyPassword
FN:19,generateGuestUsername
FN:23,generateSessionToken
FNF:4
FNH:0
FNDA:0,hashPassword
FNDA:0,verifyPassword
FNDA:0,generateGuestUsername
FNDA:0,generateSessionToken
DA:1,0
DA:3,0
DA:4,0
DA:5,0
DA:8,0
DA:11,0
DA:12,0
DA:13,0
DA:16,0
DA:19,0
DA:20,0
DA:23,0
DA:24,0
LF:13
LH:0
BRF:0
BRH:0
end_of_record
TN:
SF:lib\db.ts
FN:7,getDb
FN:16,initializeSchema
FN:77,(anonymous_30)
FN:168,createUser
FN:184,getUserById
FN:189,getUserByUsername
FN:194,getUserByEmail
FN:199,updateLastLogin
FN:204,listUsers
FN:213,updateUserAdmin
FN:218,insertEnergyData
FN:225,(anonymous_39)
FN:243,getAllEnergyData
FN:257,getDailyTotals
FN:271,(anonymous_42)
FN:277,getEnergyByDate
FN:291,getEnergyByTimeRange
FN:305,clearDatabase
FN:311,insertGasData
FN:318,(anonymous_47)
FN:336,getAllGasData
FN:350,getGasDailyTotals
FN:364,(anonymous_50)
FN:370,getGasByDate
FN:384,getGasByTimeRange
FN:398,clearGasData
FN:404,listPowerPlans
FN:412,getPowerPlanById
FN:417,createPowerPlan
FN:447,updatePowerPlan
FN:487,deletePowerPlan
FN:493,getAdminMetrics
FNF:32
FNH:10
FNDA:12,getDb
FNDA:1,initializeSchema
FNDA:0,(anonymous_30)
FNDA:1,createUser
FNDA:2,getUserById
FNDA:1,getUserByUsername
FNDA:0,getUserByEmail
FNDA:0,updateLastLogin
FNDA:0,listUsers
FNDA:0,updateUserAdmin
FNDA:0,insertEnergyData
FNDA:0,(anonymous_39)
FNDA:0,getAllEnergyData
FNDA:0,getDailyTotals
FNDA:0,(anonymous_42)
FNDA:0,getEnergyByDate
FNDA:0,getEnergyByTimeRange
FNDA:0,clearDatabase
FNDA:0,insertGasData
FNDA:0,(anonymous_47)
FNDA:0,getAllGasData
FNDA:0,getGasDailyTotals
FNDA:0,(anonymous_50)
FNDA:0,getGasByDate
FNDA:0,getGasByTimeRange
FNDA:0,clearGasData
FNDA:2,listPowerPlans
FNDA:3,getPowerPlanById
FNDA:1,createPowerPlan
FNDA:1,updatePowerPlan
FNDA:1,deletePowerPlan
FNDA:0,getAdminMetrics
DA:1,1
DA:2,1
DA:4,1
DA:5,1
DA:7,0
DA:8,12
DA:9,1
DA:10,1
DA:11,1
DA:13,12
DA:17,1
DA:19,1
DA:75,1
DA:76,1
DA:77,1
DA:78,1
DA:79,1
DA:82,0
DA:86,1
DA:168,1
DA:174,1
DA:175,1
DA:180,1
DA:181,1
DA:184,1
DA:185,2
DA:186,2
DA:189,1
DA:190,1
DA:191,1
DA:194,0
DA:195,0
DA:196,0
DA:199,0
DA:200,0
DA:201,0
DA:204,0
DA:205,0
DA:206,0
DA:213,0
DA:214,0
DA:215,0
DA:218,0
DA:219,0
DA:220,0
DA:225,0
DA:226,0
DA:227,0
DA:240,0
DA:243,0
DA:244,0
DA:245,0
DA:257,0
DA:258,0
DA:259,0
DA:270,0
DA:271,0
DA:272,0
DA:274,0
DA:277,0
DA:278,0
DA:279,0
DA:291,0
DA:292,0
DA:293,0
DA:305,0
DA:306,0
DA:307,0
DA:311,0
DA:312,0
DA:313,0
DA:318,0
DA:319,0
DA:320,0
DA:333,0
DA:336,0
DA:337,0
DA:338,0
DA:350,0
DA:351,0
DA:352,0
DA:363,0
DA:364,0
DA:365,0
DA:367,0
DA:370,0
DA:371,0
DA:372,0
DA:384,0
DA:385,0
DA:386,0
DA:398,0
DA:399,0
DA:400,0
DA:404,2
DA:405,2
DA:406,2
DA:407,1
DA:409,1
DA:412,1
DA:413,3
DA:414,3
DA:417,1
DA:418,1
DA:419,1
DA:427,1
DA:444,1
DA:447,1
DA:451,1
DA:454,1
DA:470,1
DA:471,1
DA:472,1
DA:473,14
DA:474,1
DA:476,1
DA:479,1
DA:481,1
DA:482,1
DA:483,1
DA:484,1
DA:487,1
DA:488,1
DA:489,1
DA:493,0
DA:494,0
DA:495,0
DA:496,0
DA:497,0
DA:498,0
DA:499,0
DA:500,0
DA:501,0
DA:503,0
DA:506,0
DA:510,0
LF:136
LH:58
BRDA:8,0,0,1
BRDA:17,1,0,0
BRDA:78,2,0,1
BRDA:172,3,0,0
BRDA:215,4,0,0
BRDA:215,4,1,0
BRDA:404,5,0,0
BRDA:406,6,0,1
BRDA:430,7,0,1
BRDA:430,7,1,0
BRDA:431,8,0,1
BRDA:431,8,1,0
BRDA:432,9,0,1
BRDA:432,9,1,0
BRDA:433,10,0,1
BRDA:433,10,1,1
BRDA:434,11,0,1
BRDA:434,11,1,1
BRDA:435,12,0,1
BRDA:435,12,1,0
BRDA:436,13,0,1
BRDA:436,13,1,0
BRDA:437,14,0,1
BRDA:437,14,1,0
BRDA:438,15,0,1
BRDA:438,15,1,1
BRDA:439,16,0,1
BRDA:439,16,1,1
BRDA:440,17,0,1
BRDA:440,17,1,1
BRDA:441,18,0,1
BRDA:441,18,1,1
BRDA:473,19,0,1
BRDA:479,20,0,0
BRF:34
BRH:22
end_of_record
